<?xml version="1.0" encoding="UTF-8"?>
<robot generator="Robot 7.0 (Python 3.12.1 on win32)" generated="2024-01-29T13:02:05.178469" rpa="false" schemaversion="5">
<suite id="s1" name="signupTestcase" source="C:\Users\LENOVO\Desktop\Tutorials\Robotframework\Tests\signupTestcase.robot">
<test id="s1-t1" name="TC-01 Verify the default page of sign up." line="36">
<kw name="Open URL" type="SETUP">
<kw name="Open Browser" owner="SeleniumLibrary">
<msg time="2024-01-29T13:02:05.729063" level="INFO">Opening browser 'Chrome' to base url 'http://127.0.0.1:5500/Tests/index.html'.</msg>
<arg>${url}</arg>
<arg>Chrome</arg>
<doc>Opens a new browser instance to the optional ``url``.</doc>
<status status="PASS" start="2024-01-29T13:02:05.727756" elapsed="2.699206"/>
</kw>
<status status="PASS" start="2024-01-29T13:02:05.725647" elapsed="2.704070"/>
</kw>
<kw name="Page Should Contain Element" owner="SeleniumLibrary">
<msg time="2024-01-29T13:02:08.472024" level="INFO">Current page contains element 'id=name-input'.</msg>
<arg>${name_field}</arg>
<doc>Verifies that element ``locator`` is found on the current page.</doc>
<status status="PASS" start="2024-01-29T13:02:08.431734" elapsed="0.040290"/>
</kw>
<kw name="Page Should Contain Element" owner="SeleniumLibrary">
<msg time="2024-01-29T13:02:08.492915" level="INFO">Current page contains element 'id=surname-input'.</msg>
<arg>${surname_field}</arg>
<doc>Verifies that element ``locator`` is found on the current page.</doc>
<status status="PASS" start="2024-01-29T13:02:08.473025" elapsed="0.019890"/>
</kw>
<kw name="Page Should Contain Element" owner="SeleniumLibrary">
<msg time="2024-01-29T13:02:08.511846" level="INFO">Current page contains element 'id=industry-dropdown'.</msg>
<arg>${industry_dropdown}</arg>
<doc>Verifies that element ``locator`` is found on the current page.</doc>
<status status="PASS" start="2024-01-29T13:02:08.493913" elapsed="0.017933"/>
</kw>
<kw name="Page Should Contain Element" owner="SeleniumLibrary">
<msg time="2024-01-29T13:02:08.531434" level="INFO">Current page contains element 'id=email-input'.</msg>
<arg>${email_field}</arg>
<doc>Verifies that element ``locator`` is found on the current page.</doc>
<status status="PASS" start="2024-01-29T13:02:08.512866" elapsed="0.020025"/>
</kw>
<kw name="Page Should Contain Element" owner="SeleniumLibrary">
<msg time="2024-01-29T13:02:08.551349" level="INFO">Current page contains element 'id=password-input'.</msg>
<arg>${password_field}</arg>
<doc>Verifies that element ``locator`` is found on the current page.</doc>
<status status="PASS" start="2024-01-29T13:02:08.532891" elapsed="0.018458"/>
</kw>
<kw name="Page Should Contain Element" owner="SeleniumLibrary">
<msg time="2024-01-29T13:02:08.571458" level="INFO">Current page contains element 'id=confirmpassword-input'.</msg>
<arg>${confirm_password_field}</arg>
<doc>Verifies that element ``locator`` is found on the current page.</doc>
<status status="PASS" start="2024-01-29T13:02:08.552647" elapsed="0.018811"/>
</kw>
<kw name="Page Should Contain Element" owner="SeleniumLibrary">
<msg time="2024-01-29T13:02:08.592021" level="INFO">Current page contains element 'id=showpassword-checkbox'.</msg>
<arg>${show_password_checkbox}</arg>
<doc>Verifies that element ``locator`` is found on the current page.</doc>
<status status="PASS" start="2024-01-29T13:02:08.572834" elapsed="0.019187"/>
</kw>
<kw name="Page Should Contain Element" owner="SeleniumLibrary">
<msg time="2024-01-29T13:02:08.614955" level="INFO">Current page contains element 'id=signup-button'.</msg>
<arg>${sign_up_button}</arg>
<doc>Verifies that element ``locator`` is found on the current page.</doc>
<status status="PASS" start="2024-01-29T13:02:08.593033" elapsed="0.021922"/>
</kw>
<kw name="Page Should Contain Element" owner="SeleniumLibrary">
<msg time="2024-01-29T13:02:08.651431" level="INFO">Current page contains element 'id=signin-link'.</msg>
<arg>${sign_in_link}</arg>
<doc>Verifies that element ``locator`` is found on the current page.</doc>
<status status="PASS" start="2024-01-29T13:02:08.614955" elapsed="0.036476"/>
</kw>
<kw name="Close Browser" owner="SeleniumLibrary" type="TEARDOWN">
<doc>Closes the current browser.</doc>
<status status="PASS" start="2024-01-29T13:02:08.651431" elapsed="2.245682"/>
</kw>
<status status="PASS" start="2024-01-29T13:02:05.724185" elapsed="5.172928"/>
</test>
<test id="s1-t2" name="TC-02 Verify sign up with only English characters and a length not exceeding 50 characters." line="50">
<kw name="Open URL" type="SETUP">
<kw name="Open Browser" owner="SeleniumLibrary">
<msg time="2024-01-29T13:02:10.900132" level="INFO">Opening browser 'Chrome' to base url 'http://127.0.0.1:5500/Tests/index.html'.</msg>
<arg>${url}</arg>
<arg>Chrome</arg>
<doc>Opens a new browser instance to the optional ``url``.</doc>
<status status="PASS" start="2024-01-29T13:02:10.900132" elapsed="1.892245"/>
</kw>
<status status="PASS" start="2024-01-29T13:02:10.900132" elapsed="1.892245"/>
</kw>
<kw name="Input name in the name field">
<kw name="Input Text" owner="SeleniumLibrary">
<msg time="2024-01-29T13:02:12.795826" level="INFO">Typing text 'Aithiya' into text field 'id=name-input'.</msg>
<arg>${name_field}</arg>
<arg>${name_input}</arg>
<doc>Types the given ``text`` into the text field identified by ``locator``.</doc>
<status status="PASS" start="2024-01-29T13:02:12.794804" elapsed="0.236259"/>
</kw>
<status status="PASS" start="2024-01-29T13:02:12.793380" elapsed="0.237683"/>
</kw>
<kw name="Input surname in the surname field">
<kw name="Input Text" owner="SeleniumLibrary">
<msg time="2024-01-29T13:02:13.033104" level="INFO">Typing text 'Inthorn' into text field 'id=surname-input'.</msg>
<arg>${surname_field}</arg>
<arg>${surname_input}</arg>
<doc>Types the given ``text`` into the text field identified by ``locator``.</doc>
<status status="PASS" start="2024-01-29T13:02:13.033104" elapsed="0.229637"/>
</kw>
<status status="PASS" start="2024-01-29T13:02:13.032080" elapsed="0.230661"/>
</kw>
<kw name="Select industry dropdown">
<kw name="Select From List By Label" owner="SeleniumLibrary">
<msg time="2024-01-29T13:02:13.265485" level="INFO">Selecting options from selection list 'id=industry-dropdown' by label Technology.</msg>
<arg>${industry_dropdown}</arg>
<arg>${select_industry}</arg>
<doc>Selects options from selection list ``locator`` by ``labels``.</doc>
<status status="PASS" start="2024-01-29T13:02:13.264135" elapsed="0.199689"/>
</kw>
<status status="PASS" start="2024-01-29T13:02:13.264135" elapsed="0.199689"/>
</kw>
<kw name="Input email in the email field">
<kw name="Input Text" owner="SeleniumLibrary">
<msg time="2024-01-29T13:02:13.465822" level="INFO">Typing text 'atithiya@email.com' into text field 'id=email-input'.</msg>
<arg>${email_field}</arg>
<arg>${email_input}</arg>
<doc>Types the given ``text`` into the text field identified by ``locator``.</doc>
<status status="PASS" start="2024-01-29T13:02:13.464823" elapsed="0.339119"/>
</kw>
<status status="PASS" start="2024-01-29T13:02:13.464823" elapsed="0.339119"/>
</kw>
<kw name="Input password in the password field">
<kw name="Input Text" owner="SeleniumLibrary">
<msg time="2024-01-29T13:02:13.805943" level="INFO">Typing text 'Mika@1234' into text field 'id=password-input'.</msg>
<arg>${password_field}</arg>
<arg>${password_input}</arg>
<doc>Types the given ``text`` into the text field identified by ``locator``.</doc>
<status status="PASS" start="2024-01-29T13:02:13.805943" elapsed="0.201940"/>
</kw>
<status status="PASS" start="2024-01-29T13:02:13.804942" elapsed="0.202941"/>
</kw>
<kw name="Input confirm password in confirm password field">
<kw name="Input Text" owner="SeleniumLibrary">
<msg time="2024-01-29T13:02:14.009884" level="INFO">Typing text 'Mika@1234' into text field 'id=confirmpassword-input'.</msg>
<arg>${confirm_password_field}</arg>
<arg>${confirmpassword_input}</arg>
<doc>Types the given ``text`` into the text field identified by ``locator``.</doc>
<status status="PASS" start="2024-01-29T13:02:14.008880" elapsed="0.196890"/>
</kw>
<status status="PASS" start="2024-01-29T13:02:14.008880" elapsed="0.198378"/>
</kw>
<kw name="Click on sign up button">
<kw name="Click Element" owner="SeleniumLibrary">
<msg time="2024-01-29T13:02:14.209275" level="INFO">Clicking element 'id=signup-button'.</msg>
<arg>${sign_up_button}</arg>
<doc>Click the element identified by ``locator``.</doc>
<status status="PASS" start="2024-01-29T13:02:14.208277" elapsed="0.107130"/>
</kw>
<status status="PASS" start="2024-01-29T13:02:14.208277" elapsed="0.107130"/>
</kw>
<kw name="Close Browser" owner="SeleniumLibrary" type="TEARDOWN">
<doc>Closes the current browser.</doc>
<status status="PASS" start="2024-01-29T13:02:14.316760" elapsed="2.186523"/>
</kw>
<status status="PASS" start="2024-01-29T13:02:10.899129" elapsed="5.605665"/>
</test>
<test id="s1-t3" name="TC-03 Verify sign up for cases involving non-English characters, such as Thai, special characters, numbers, and data exceeding a length of 50 characters." line="61">
<kw name="Open URL" type="SETUP">
<kw name="Open Browser" owner="SeleniumLibrary">
<msg time="2024-01-29T13:02:16.507422" level="INFO">Opening browser 'Chrome' to base url 'http://127.0.0.1:5500/Tests/index.html'.</msg>
<arg>${url}</arg>
<arg>Chrome</arg>
<doc>Opens a new browser instance to the optional ``url``.</doc>
<status status="PASS" start="2024-01-29T13:02:16.507422" elapsed="1.821507"/>
</kw>
<status status="PASS" start="2024-01-29T13:02:16.506394" elapsed="1.822535"/>
</kw>
<kw name="Input name in the name field">
<kw name="Input Text" owner="SeleniumLibrary">
<msg time="2024-01-29T13:02:18.331919" level="INFO">Typing text 'อาทิติยา' into text field 'id=name-input'.</msg>
<arg>${name_field}</arg>
<arg>${name_input}</arg>
<doc>Types the given ``text`` into the text field identified by ``locator``.</doc>
<status status="PASS" start="2024-01-29T13:02:18.330921" elapsed="0.256227"/>
</kw>
<arg>อาทิติยา</arg>
<status status="PASS" start="2024-01-29T13:02:18.329925" elapsed="0.257223"/>
</kw>
<kw name="Enter data in other fields to verify the name field">
<kw name="Input surname in the surname field">
<kw name="Input Text" owner="SeleniumLibrary">
<msg time="2024-01-29T13:02:18.589238" level="INFO">Typing text 'Inthorn' into text field 'id=surname-input'.</msg>
<arg>${surname_field}</arg>
<arg>${surname_input}</arg>
<doc>Types the given ``text`` into the text field identified by ``locator``.</doc>
<status status="PASS" start="2024-01-29T13:02:18.589238" elapsed="0.154730"/>
</kw>
<status status="PASS" start="2024-01-29T13:02:18.588133" elapsed="0.155835"/>
</kw>
<kw name="Select industry dropdown">
<kw name="Select From List By Label" owner="SeleniumLibrary">
<msg time="2024-01-29T13:02:18.744990" level="INFO">Selecting options from selection list 'id=industry-dropdown' by label Technology.</msg>
<arg>${industry_dropdown}</arg>
<arg>${select_industry}</arg>
<doc>Selects options from selection list ``locator`` by ``labels``.</doc>
<status status="PASS" start="2024-01-29T13:02:18.744990" elapsed="0.157359"/>
</kw>
<status status="PASS" start="2024-01-29T13:02:18.744990" elapsed="0.157359"/>
</kw>
<kw name="Input email in the email field">
<kw name="Input Text" owner="SeleniumLibrary">
<msg time="2024-01-29T13:02:18.903355" level="INFO">Typing text 'atithiya@email.com' into text field 'id=email-input'.</msg>
<arg>${email_field}</arg>
<arg>${email_input}</arg>
<doc>Types the given ``text`` into the text field identified by ``locator``.</doc>
<status status="PASS" start="2024-01-29T13:02:18.903355" elapsed="0.531375"/>
</kw>
<status status="PASS" start="2024-01-29T13:02:18.902349" elapsed="0.533391"/>
</kw>
<kw name="Input password in the password field">
<kw name="Input Text" owner="SeleniumLibrary">
<msg time="2024-01-29T13:02:19.436729" level="INFO">Typing text 'Mika@1234' into text field 'id=password-input'.</msg>
<arg>${password_field}</arg>
<arg>${password_input}</arg>
<doc>Types the given ``text`` into the text field identified by ``locator``.</doc>
<status status="PASS" start="2024-01-29T13:02:19.436729" elapsed="0.214369"/>
</kw>
<status status="PASS" start="2024-01-29T13:02:19.435740" elapsed="0.215358"/>
</kw>
<kw name="Input confirm password in confirm password field">
<kw name="Input Text" owner="SeleniumLibrary">
<msg time="2024-01-29T13:02:19.652094" level="INFO">Typing text 'Mika@1234' into text field 'id=confirmpassword-input'.</msg>
<arg>${confirm_password_field}</arg>
<arg>${confirmpassword_input}</arg>
<doc>Types the given ``text`` into the text field identified by ``locator``.</doc>
<status status="PASS" start="2024-01-29T13:02:19.651098" elapsed="0.205492"/>
</kw>
<status status="PASS" start="2024-01-29T13:02:19.651098" elapsed="0.205492"/>
</kw>
<status status="PASS" start="2024-01-29T13:02:18.588133" elapsed="1.268457"/>
</kw>
<kw name="Click on sign up button">
<kw name="Click Element" owner="SeleniumLibrary">
<msg time="2024-01-29T13:02:19.858590" level="INFO">Clicking element 'id=signup-button'.</msg>
<arg>${sign_up_button}</arg>
<doc>Click the element identified by ``locator``.</doc>
<status status="PASS" start="2024-01-29T13:02:19.858590" elapsed="0.096296"/>
</kw>
<status status="PASS" start="2024-01-29T13:02:19.857591" elapsed="0.098297"/>
</kw>
<kw name="Input name in the name field">
<kw name="Input Text" owner="SeleniumLibrary">
<msg time="2024-01-29T13:02:19.956884" level="INFO">Typing text 'Atithiya!' into text field 'id=name-input'.</msg>
<arg>${name_field}</arg>
<arg>${name_input}</arg>
<doc>Types the given ``text`` into the text field identified by ``locator``.</doc>
<status status="PASS" start="2024-01-29T13:02:19.956884" elapsed="0.239901"/>
</kw>
<arg>Atithiya!</arg>
<status status="PASS" start="2024-01-29T13:02:19.955888" elapsed="0.241900"/>
</kw>
<kw name="Enter data in other fields to verify the name field">
<kw name="Input surname in the surname field">
<kw name="Input Text" owner="SeleniumLibrary">
<msg time="2024-01-29T13:02:20.198785" level="INFO">Typing text 'Inthorn' into text field 'id=surname-input'.</msg>
<arg>${surname_field}</arg>
<arg>${surname_input}</arg>
<doc>Types the given ``text`` into the text field identified by ``locator``.</doc>
<status status="PASS" start="2024-01-29T13:02:20.198785" elapsed="0.219130"/>
</kw>
<status status="PASS" start="2024-01-29T13:02:20.198785" elapsed="0.219130"/>
</kw>
<kw name="Select industry dropdown">
<kw name="Select From List By Label" owner="SeleniumLibrary">
<msg time="2024-01-29T13:02:20.418916" level="INFO">Selecting options from selection list 'id=industry-dropdown' by label Technology.</msg>
<arg>${industry_dropdown}</arg>
<arg>${select_industry}</arg>
<doc>Selects options from selection list ``locator`` by ``labels``.</doc>
<status status="PASS" start="2024-01-29T13:02:20.418916" elapsed="0.064638"/>
</kw>
<status status="PASS" start="2024-01-29T13:02:20.417915" elapsed="0.066633"/>
</kw>
<kw name="Input email in the email field">
<kw name="Input Text" owner="SeleniumLibrary">
<msg time="2024-01-29T13:02:20.485547" level="INFO">Typing text 'atithiya@email.com' into text field 'id=email-input'.</msg>
<arg>${email_field}</arg>
<arg>${email_input}</arg>
<doc>Types the given ``text`` into the text field identified by ``locator``.</doc>
<status status="PASS" start="2024-01-29T13:02:20.484548" elapsed="0.240895"/>
</kw>
<status status="PASS" start="2024-01-29T13:02:20.484548" elapsed="0.240895"/>
</kw>
<kw name="Input password in the password field">
<kw name="Input Text" owner="SeleniumLibrary">
<msg time="2024-01-29T13:02:20.726443" level="INFO">Typing text 'Mika@1234' into text field 'id=password-input'.</msg>
<arg>${password_field}</arg>
<arg>${password_input}</arg>
<doc>Types the given ``text`` into the text field identified by ``locator``.</doc>
<status status="PASS" start="2024-01-29T13:02:20.726443" elapsed="0.239290"/>
</kw>
<status status="PASS" start="2024-01-29T13:02:20.725443" elapsed="0.240290"/>
</kw>
<kw name="Input confirm password in confirm password field">
<kw name="Input Text" owner="SeleniumLibrary">
<msg time="2024-01-29T13:02:20.967732" level="INFO">Typing text 'Mika@1234' into text field 'id=confirmpassword-input'.</msg>
<arg>${confirm_password_field}</arg>
<arg>${confirmpassword_input}</arg>
<doc>Types the given ``text`` into the text field identified by ``locator``.</doc>
<status status="PASS" start="2024-01-29T13:02:20.967732" elapsed="0.239802"/>
</kw>
<status status="PASS" start="2024-01-29T13:02:20.966736" elapsed="0.240798"/>
</kw>
<status status="PASS" start="2024-01-29T13:02:20.197788" elapsed="1.009746"/>
</kw>
<kw name="Click on sign up button">
<kw name="Click Element" owner="SeleniumLibrary">
<msg time="2024-01-29T13:02:21.209549" level="INFO">Clicking element 'id=signup-button'.</msg>
<arg>${sign_up_button}</arg>
<doc>Click the element identified by ``locator``.</doc>
<status status="PASS" start="2024-01-29T13:02:21.209549" elapsed="0.066855"/>
</kw>
<status status="PASS" start="2024-01-29T13:02:21.208555" elapsed="0.067849"/>
</kw>
<kw name="Input name in the name field">
<kw name="Input Text" owner="SeleniumLibrary">
<msg time="2024-01-29T13:02:21.277428" level="INFO">Typing text 'Atithiya@1' into text field 'id=name-input'.</msg>
<arg>${name_field}</arg>
<arg>${name_input}</arg>
<doc>Types the given ``text`` into the text field identified by ``locator``.</doc>
<status status="PASS" start="2024-01-29T13:02:21.277428" elapsed="0.253004"/>
</kw>
<arg>Atithiya@1</arg>
<status status="PASS" start="2024-01-29T13:02:21.276404" elapsed="0.255031"/>
</kw>
<kw name="Enter data in other fields to verify the name field">
<kw name="Input surname in the surname field">
<kw name="Input Text" owner="SeleniumLibrary">
<msg time="2024-01-29T13:02:21.532435" level="INFO">Typing text 'Inthorn' into text field 'id=surname-input'.</msg>
<arg>${surname_field}</arg>
<arg>${surname_input}</arg>
<doc>Types the given ``text`` into the text field identified by ``locator``.</doc>
<status status="PASS" start="2024-01-29T13:02:21.532435" elapsed="0.206854"/>
</kw>
<status status="PASS" start="2024-01-29T13:02:21.531435" elapsed="0.208856"/>
</kw>
<kw name="Select industry dropdown">
<kw name="Select From List By Label" owner="SeleniumLibrary">
<msg time="2024-01-29T13:02:21.741289" level="INFO">Selecting options from selection list 'id=industry-dropdown' by label Technology.</msg>
<arg>${industry_dropdown}</arg>
<arg>${select_industry}</arg>
<doc>Selects options from selection list ``locator`` by ``labels``.</doc>
<status status="PASS" start="2024-01-29T13:02:21.740291" elapsed="0.076630"/>
</kw>
<status status="PASS" start="2024-01-29T13:02:21.740291" elapsed="0.077633"/>
</kw>
<kw name="Input email in the email field">
<kw name="Input Text" owner="SeleniumLibrary">
<msg time="2024-01-29T13:02:21.818919" level="INFO">Typing text 'atithiya@email.com' into text field 'id=email-input'.</msg>
<arg>${email_field}</arg>
<arg>${email_input}</arg>
<doc>Types the given ``text`` into the text field identified by ``locator``.</doc>
<status status="PASS" start="2024-01-29T13:02:21.818919" elapsed="0.239700"/>
</kw>
<status status="PASS" start="2024-01-29T13:02:21.817924" elapsed="0.241696"/>
</kw>
<kw name="Input password in the password field">
<kw name="Input Text" owner="SeleniumLibrary">
<msg time="2024-01-29T13:02:22.060623" level="INFO">Typing text 'Mika@1234' into text field 'id=password-input'.</msg>
<arg>${password_field}</arg>
<arg>${password_input}</arg>
<doc>Types the given ``text`` into the text field identified by ``locator``.</doc>
<status status="PASS" start="2024-01-29T13:02:22.059620" elapsed="0.200417"/>
</kw>
<status status="PASS" start="2024-01-29T13:02:22.059620" elapsed="0.200417"/>
</kw>
<kw name="Input confirm password in confirm password field">
<kw name="Input Text" owner="SeleniumLibrary">
<msg time="2024-01-29T13:02:22.261035" level="INFO">Typing text 'Mika@1234' into text field 'id=confirmpassword-input'.</msg>
<arg>${confirm_password_field}</arg>
<arg>${confirmpassword_input}</arg>
<doc>Types the given ``text`` into the text field identified by ``locator``.</doc>
<status status="PASS" start="2024-01-29T13:02:22.260037" elapsed="0.216148"/>
</kw>
<status status="PASS" start="2024-01-29T13:02:22.260037" elapsed="0.216148"/>
</kw>
<status status="PASS" start="2024-01-29T13:02:21.531435" elapsed="0.944750"/>
</kw>
<kw name="Click on sign up button">
<kw name="Click Element" owner="SeleniumLibrary">
<msg time="2024-01-29T13:02:22.477185" level="INFO">Clicking element 'id=signup-button'.</msg>
<arg>${sign_up_button}</arg>
<doc>Click the element identified by ``locator``.</doc>
<status status="PASS" start="2024-01-29T13:02:22.477185" elapsed="0.083865"/>
</kw>
<status status="PASS" start="2024-01-29T13:02:22.477185" elapsed="0.083865"/>
</kw>
<kw name="Input name in the name field">
<kw name="Input Text" owner="SeleniumLibrary">
<msg time="2024-01-29T13:02:22.563051" level="INFO">Typing text 'Atithiya123' into text field 'id=name-input'.</msg>
<arg>${name_field}</arg>
<arg>${name_input}</arg>
<doc>Types the given ``text`` into the text field identified by ``locator``.</doc>
<status status="PASS" start="2024-01-29T13:02:22.562053" elapsed="0.230761"/>
</kw>
<arg>Atithiya123</arg>
<status status="PASS" start="2024-01-29T13:02:22.561050" elapsed="0.232765"/>
</kw>
<kw name="Enter data in other fields to verify the name field">
<kw name="Input surname in the surname field">
<kw name="Input Text" owner="SeleniumLibrary">
<msg time="2024-01-29T13:02:22.794818" level="INFO">Typing text 'Inthorn' into text field 'id=surname-input'.</msg>
<arg>${surname_field}</arg>
<arg>${surname_input}</arg>
<doc>Types the given ``text`` into the text field identified by ``locator``.</doc>
<status status="PASS" start="2024-01-29T13:02:22.794818" elapsed="0.235894"/>
</kw>
<status status="PASS" start="2024-01-29T13:02:22.794818" elapsed="0.235894"/>
</kw>
<kw name="Select industry dropdown">
<kw name="Select From List By Label" owner="SeleniumLibrary">
<msg time="2024-01-29T13:02:23.031727" level="INFO">Selecting options from selection list 'id=industry-dropdown' by label Technology.</msg>
<arg>${industry_dropdown}</arg>
<arg>${select_industry}</arg>
<doc>Selects options from selection list ``locator`` by ``labels``.</doc>
<status status="PASS" start="2024-01-29T13:02:23.030712" elapsed="0.081898"/>
</kw>
<status status="PASS" start="2024-01-29T13:02:23.030712" elapsed="0.081898"/>
</kw>
<kw name="Input email in the email field">
<kw name="Input Text" owner="SeleniumLibrary">
<msg time="2024-01-29T13:02:23.113679" level="INFO">Typing text 'atithiya@email.com' into text field 'id=email-input'.</msg>
<arg>${email_field}</arg>
<arg>${email_input}</arg>
<doc>Types the given ``text`` into the text field identified by ``locator``.</doc>
<status status="PASS" start="2024-01-29T13:02:23.113679" elapsed="0.280890"/>
</kw>
<status status="PASS" start="2024-01-29T13:02:23.113679" elapsed="0.280890"/>
</kw>
<kw name="Input password in the password field">
<kw name="Input Text" owner="SeleniumLibrary">
<msg time="2024-01-29T13:02:23.395579" level="INFO">Typing text 'Mika@1234' into text field 'id=password-input'.</msg>
<arg>${password_field}</arg>
<arg>${password_input}</arg>
<doc>Types the given ``text`` into the text field identified by ``locator``.</doc>
<status status="PASS" start="2024-01-29T13:02:23.394569" elapsed="0.200547"/>
</kw>
<status status="PASS" start="2024-01-29T13:02:23.394569" elapsed="0.200547"/>
</kw>
<kw name="Input confirm password in confirm password field">
<kw name="Input Text" owner="SeleniumLibrary">
<msg time="2024-01-29T13:02:23.596115" level="INFO">Typing text 'Mika@1234' into text field 'id=confirmpassword-input'.</msg>
<arg>${confirm_password_field}</arg>
<arg>${confirmpassword_input}</arg>
<doc>Types the given ``text`` into the text field identified by ``locator``.</doc>
<status status="PASS" start="2024-01-29T13:02:23.596115" elapsed="0.190451"/>
</kw>
<status status="PASS" start="2024-01-29T13:02:23.596115" elapsed="0.191638"/>
</kw>
<status status="PASS" start="2024-01-29T13:02:22.793815" elapsed="0.993938"/>
</kw>
<kw name="Click on sign up button">
<kw name="Click Element" owner="SeleniumLibrary">
<msg time="2024-01-29T13:02:23.788864" level="INFO">Clicking element 'id=signup-button'.</msg>
<arg>${sign_up_button}</arg>
<doc>Click the element identified by ``locator``.</doc>
<status status="PASS" start="2024-01-29T13:02:23.788864" elapsed="0.071653"/>
</kw>
<status status="PASS" start="2024-01-29T13:02:23.788864" elapsed="0.071653"/>
</kw>
<kw name="Input name in the name field">
<kw name="Input Text" owner="SeleniumLibrary">
<msg time="2024-01-29T13:02:23.861896" level="INFO">Typing text 'Atithiya123' into text field 'id=name-input'.</msg>
<arg>${name_field}</arg>
<arg>${name_input}</arg>
<doc>Types the given ``text`` into the text field identified by ``locator``.</doc>
<status status="PASS" start="2024-01-29T13:02:23.861896" elapsed="0.264335"/>
</kw>
<arg>Atithiya123</arg>
<status status="PASS" start="2024-01-29T13:02:23.861896" elapsed="0.264335"/>
</kw>
<kw name="Enter data in other fields to verify the name field">
<kw name="Input surname in the surname field">
<kw name="Input Text" owner="SeleniumLibrary">
<msg time="2024-01-29T13:02:24.128319" level="INFO">Typing text 'Inthorn' into text field 'id=surname-input'.</msg>
<arg>${surname_field}</arg>
<arg>${surname_input}</arg>
<doc>Types the given ``text`` into the text field identified by ``locator``.</doc>
<status status="PASS" start="2024-01-29T13:02:24.128319" elapsed="0.191326"/>
</kw>
<status status="PASS" start="2024-01-29T13:02:24.127318" elapsed="0.192327"/>
</kw>
<kw name="Select industry dropdown">
<kw name="Select From List By Label" owner="SeleniumLibrary">
<msg time="2024-01-29T13:02:24.320643" level="INFO">Selecting options from selection list 'id=industry-dropdown' by label Technology.</msg>
<arg>${industry_dropdown}</arg>
<arg>${select_industry}</arg>
<doc>Selects options from selection list ``locator`` by ``labels``.</doc>
<status status="PASS" start="2024-01-29T13:02:24.320643" elapsed="0.084157"/>
</kw>
<status status="PASS" start="2024-01-29T13:02:24.319645" elapsed="0.086558"/>
</kw>
<kw name="Input email in the email field">
<kw name="Input Text" owner="SeleniumLibrary">
<msg time="2024-01-29T13:02:24.407282" level="INFO">Typing text 'atithiya@email.com' into text field 'id=email-input'.</msg>
<arg>${email_field}</arg>
<arg>${email_input}</arg>
<doc>Types the given ``text`` into the text field identified by ``locator``.</doc>
<status status="PASS" start="2024-01-29T13:02:24.406203" elapsed="0.278507"/>
</kw>
<status status="PASS" start="2024-01-29T13:02:24.406203" elapsed="0.278507"/>
</kw>
<kw name="Input password in the password field">
<kw name="Input Text" owner="SeleniumLibrary">
<msg time="2024-01-29T13:02:24.686022" level="INFO">Typing text 'Mika@1234' into text field 'id=password-input'.</msg>
<arg>${password_field}</arg>
<arg>${password_input}</arg>
<doc>Types the given ``text`` into the text field identified by ``locator``.</doc>
<status status="PASS" start="2024-01-29T13:02:24.684710" elapsed="0.231354"/>
</kw>
<status status="PASS" start="2024-01-29T13:02:24.684710" elapsed="0.231354"/>
</kw>
<kw name="Input confirm password in confirm password field">
<kw name="Input Text" owner="SeleniumLibrary">
<msg time="2024-01-29T13:02:24.917371" level="INFO">Typing text 'Mika@1234' into text field 'id=confirmpassword-input'.</msg>
<arg>${confirm_password_field}</arg>
<arg>${confirmpassword_input}</arg>
<doc>Types the given ``text`` into the text field identified by ``locator``.</doc>
<status status="PASS" start="2024-01-29T13:02:24.917371" elapsed="0.238657"/>
</kw>
<status status="PASS" start="2024-01-29T13:02:24.917371" elapsed="0.239751"/>
</kw>
<status status="PASS" start="2024-01-29T13:02:24.127318" elapsed="1.029804"/>
</kw>
<kw name="Click on sign up button">
<kw name="Click Element" owner="SeleniumLibrary">
<msg time="2024-01-29T13:02:25.158508" level="INFO">Clicking element 'id=signup-button'.</msg>
<arg>${sign_up_button}</arg>
<doc>Click the element identified by ``locator``.</doc>
<status status="PASS" start="2024-01-29T13:02:25.158508" elapsed="0.076032"/>
</kw>
<status status="PASS" start="2024-01-29T13:02:25.157122" elapsed="0.077418"/>
</kw>
<kw name="Input name in the name field">
<kw name="Input Text" owner="SeleniumLibrary">
<msg time="2024-01-29T13:02:25.236543" level="INFO">Typing text '1234' into text field 'id=name-input'.</msg>
<arg>${name_field}</arg>
<arg>${name_input}</arg>
<doc>Types the given ``text`` into the text field identified by ``locator``.</doc>
<status status="PASS" start="2024-01-29T13:02:25.235543" elapsed="0.168551"/>
</kw>
<arg>1234</arg>
<status status="PASS" start="2024-01-29T13:02:25.235543" elapsed="0.168551"/>
</kw>
<kw name="Enter data in other fields to verify the name field">
<kw name="Input surname in the surname field">
<kw name="Input Text" owner="SeleniumLibrary">
<msg time="2024-01-29T13:02:25.406623" level="INFO">Typing text 'Inthorn' into text field 'id=surname-input'.</msg>
<arg>${surname_field}</arg>
<arg>${surname_input}</arg>
<doc>Types the given ``text`` into the text field identified by ``locator``.</doc>
<status status="PASS" start="2024-01-29T13:02:25.406623" elapsed="0.176960"/>
</kw>
<status status="PASS" start="2024-01-29T13:02:25.405271" elapsed="0.178835"/>
</kw>
<kw name="Select industry dropdown">
<kw name="Select From List By Label" owner="SeleniumLibrary">
<msg time="2024-01-29T13:02:25.584106" level="INFO">Selecting options from selection list 'id=industry-dropdown' by label Technology.</msg>
<arg>${industry_dropdown}</arg>
<arg>${select_industry}</arg>
<doc>Selects options from selection list ``locator`` by ``labels``.</doc>
<status status="PASS" start="2024-01-29T13:02:25.584106" elapsed="0.067314"/>
</kw>
<status status="PASS" start="2024-01-29T13:02:25.584106" elapsed="0.067314"/>
</kw>
<kw name="Input email in the email field">
<kw name="Input Text" owner="SeleniumLibrary">
<msg time="2024-01-29T13:02:25.652418" level="INFO">Typing text 'atithiya@email.com' into text field 'id=email-input'.</msg>
<arg>${email_field}</arg>
<arg>${email_input}</arg>
<doc>Types the given ``text`` into the text field identified by ``locator``.</doc>
<status status="PASS" start="2024-01-29T13:02:25.652418" elapsed="0.249941"/>
</kw>
<status status="PASS" start="2024-01-29T13:02:25.651420" elapsed="0.250939"/>
</kw>
<kw name="Input password in the password field">
<kw name="Input Text" owner="SeleniumLibrary">
<msg time="2024-01-29T13:02:25.903841" level="INFO">Typing text 'Mika@1234' into text field 'id=password-input'.</msg>
<arg>${password_field}</arg>
<arg>${password_input}</arg>
<doc>Types the given ``text`` into the text field identified by ``locator``.</doc>
<status status="PASS" start="2024-01-29T13:02:25.903841" elapsed="0.208894"/>
</kw>
<status status="PASS" start="2024-01-29T13:02:25.903841" elapsed="0.208894"/>
</kw>
<kw name="Input confirm password in confirm password field">
<kw name="Input Text" owner="SeleniumLibrary">
<msg time="2024-01-29T13:02:26.113751" level="INFO">Typing text 'Mika@1234' into text field 'id=confirmpassword-input'.</msg>
<arg>${confirm_password_field}</arg>
<arg>${confirmpassword_input}</arg>
<doc>Types the given ``text`` into the text field identified by ``locator``.</doc>
<status status="PASS" start="2024-01-29T13:02:26.113751" elapsed="0.182661"/>
</kw>
<status status="PASS" start="2024-01-29T13:02:26.112735" elapsed="0.183677"/>
</kw>
<status status="PASS" start="2024-01-29T13:02:25.405271" elapsed="0.891141"/>
</kw>
<kw name="Click on sign up button">
<kw name="Click Element" owner="SeleniumLibrary">
<msg time="2024-01-29T13:02:26.297622" level="INFO">Clicking element 'id=signup-button'.</msg>
<arg>${sign_up_button}</arg>
<doc>Click the element identified by ``locator``.</doc>
<status status="PASS" start="2024-01-29T13:02:26.297622" elapsed="0.053703"/>
</kw>
<status status="PASS" start="2024-01-29T13:02:26.296412" elapsed="0.054913"/>
</kw>
<kw name="Input name in the name field">
<kw name="Input Text" owner="SeleniumLibrary">
<msg time="2024-01-29T13:02:26.352333" level="INFO">Typing text '@#$%' into text field 'id=name-input'.</msg>
<arg>${name_field}</arg>
<arg>${name_input}</arg>
<doc>Types the given ``text`` into the text field identified by ``locator``.</doc>
<status status="PASS" start="2024-01-29T13:02:26.352333" elapsed="0.159069"/>
</kw>
<arg>@#$%</arg>
<status status="PASS" start="2024-01-29T13:02:26.352333" elapsed="0.159069"/>
</kw>
<kw name="Enter data in other fields to verify the name field">
<kw name="Input surname in the surname field">
<kw name="Input Text" owner="SeleniumLibrary">
<msg time="2024-01-29T13:02:26.513730" level="INFO">Typing text 'Inthorn' into text field 'id=surname-input'.</msg>
<arg>${surname_field}</arg>
<arg>${surname_input}</arg>
<doc>Types the given ``text`` into the text field identified by ``locator``.</doc>
<status status="PASS" start="2024-01-29T13:02:26.512718" elapsed="0.158867"/>
</kw>
<status status="PASS" start="2024-01-29T13:02:26.512718" elapsed="0.158867"/>
</kw>
<kw name="Select industry dropdown">
<kw name="Select From List By Label" owner="SeleniumLibrary">
<msg time="2024-01-29T13:02:26.673095" level="INFO">Selecting options from selection list 'id=industry-dropdown' by label Technology.</msg>
<arg>${industry_dropdown}</arg>
<arg>${select_industry}</arg>
<doc>Selects options from selection list ``locator`` by ``labels``.</doc>
<status status="PASS" start="2024-01-29T13:02:26.673095" elapsed="0.059007"/>
</kw>
<status status="PASS" start="2024-01-29T13:02:26.671585" elapsed="0.060517"/>
</kw>
<kw name="Input email in the email field">
<kw name="Input Text" owner="SeleniumLibrary">
<msg time="2024-01-29T13:02:26.733102" level="INFO">Typing text 'atithiya@email.com' into text field 'id=email-input'.</msg>
<arg>${email_field}</arg>
<arg>${email_input}</arg>
<doc>Types the given ``text`` into the text field identified by ``locator``.</doc>
<status status="PASS" start="2024-01-29T13:02:26.732102" elapsed="0.203625"/>
</kw>
<status status="PASS" start="2024-01-29T13:02:26.732102" elapsed="0.203625"/>
</kw>
<kw name="Input password in the password field">
<kw name="Input Text" owner="SeleniumLibrary">
<msg time="2024-01-29T13:02:26.936774" level="INFO">Typing text 'Mika@1234' into text field 'id=password-input'.</msg>
<arg>${password_field}</arg>
<arg>${password_input}</arg>
<doc>Types the given ``text`` into the text field identified by ``locator``.</doc>
<status status="PASS" start="2024-01-29T13:02:26.936774" elapsed="0.171752"/>
</kw>
<status status="PASS" start="2024-01-29T13:02:26.935727" elapsed="0.172799"/>
</kw>
<kw name="Input confirm password in confirm password field">
<kw name="Input Text" owner="SeleniumLibrary">
<msg time="2024-01-29T13:02:27.109597" level="INFO">Typing text 'Mika@1234' into text field 'id=confirmpassword-input'.</msg>
<arg>${confirm_password_field}</arg>
<arg>${confirmpassword_input}</arg>
<doc>Types the given ``text`` into the text field identified by ``locator``.</doc>
<status status="PASS" start="2024-01-29T13:02:27.109597" elapsed="0.169171"/>
</kw>
<status status="PASS" start="2024-01-29T13:02:27.108526" elapsed="0.170242"/>
</kw>
<status status="PASS" start="2024-01-29T13:02:26.512718" elapsed="0.766050"/>
</kw>
<kw name="Click on sign up button">
<kw name="Click Element" owner="SeleniumLibrary">
<msg time="2024-01-29T13:02:27.280081" level="INFO">Clicking element 'id=signup-button'.</msg>
<arg>${sign_up_button}</arg>
<doc>Click the element identified by ``locator``.</doc>
<status status="PASS" start="2024-01-29T13:02:27.278768" elapsed="0.056246"/>
</kw>
<status status="PASS" start="2024-01-29T13:02:27.278768" elapsed="0.057258"/>
</kw>
<kw name="Input name in the name field">
<kw name="Input Text" owner="SeleniumLibrary">
<msg time="2024-01-29T13:02:27.336026" level="INFO">Typing text 'EleanorFitzgeraldJonathanAlexanderBartholomewMontas' into text field 'id=name-input'.</msg>
<arg>${name_field}</arg>
<arg>${name_input}</arg>
<doc>Types the given ``text`` into the text field identified by ``locator``.</doc>
<status status="PASS" start="2024-01-29T13:02:27.336026" elapsed="0.330089"/>
</kw>
<arg>EleanorFitzgeraldJonathanAlexanderBartholomewMontas</arg>
<status status="PASS" start="2024-01-29T13:02:27.336026" elapsed="0.330089"/>
</kw>
<kw name="Enter data in other fields to verify the name field">
<kw name="Input surname in the surname field">
<kw name="Input Text" owner="SeleniumLibrary">
<msg time="2024-01-29T13:02:27.667609" level="INFO">Typing text 'Inthorn' into text field 'id=surname-input'.</msg>
<arg>${surname_field}</arg>
<arg>${surname_input}</arg>
<doc>Types the given ``text`` into the text field identified by ``locator``.</doc>
<status status="PASS" start="2024-01-29T13:02:27.667609" elapsed="0.179716"/>
</kw>
<status status="PASS" start="2024-01-29T13:02:27.666115" elapsed="0.181210"/>
</kw>
<kw name="Select industry dropdown">
<kw name="Select From List By Label" owner="SeleniumLibrary">
<msg time="2024-01-29T13:02:27.848361" level="INFO">Selecting options from selection list 'id=industry-dropdown' by label Technology.</msg>
<arg>${industry_dropdown}</arg>
<arg>${select_industry}</arg>
<doc>Selects options from selection list ``locator`` by ``labels``.</doc>
<status status="PASS" start="2024-01-29T13:02:27.848361" elapsed="0.055540"/>
</kw>
<status status="PASS" start="2024-01-29T13:02:27.847325" elapsed="0.057293"/>
</kw>
<kw name="Input email in the email field">
<kw name="Input Text" owner="SeleniumLibrary">
<msg time="2024-01-29T13:02:27.905627" level="INFO">Typing text 'atithiya@email.com' into text field 'id=email-input'.</msg>
<arg>${email_field}</arg>
<arg>${email_input}</arg>
<doc>Types the given ``text`` into the text field identified by ``locator``.</doc>
<status status="PASS" start="2024-01-29T13:02:27.904618" elapsed="0.180686"/>
</kw>
<status status="PASS" start="2024-01-29T13:02:27.904618" elapsed="0.180686"/>
</kw>
<kw name="Input password in the password field">
<kw name="Input Text" owner="SeleniumLibrary">
<msg time="2024-01-29T13:02:28.086722" level="INFO">Typing text 'Mika@1234' into text field 'id=password-input'.</msg>
<arg>${password_field}</arg>
<arg>${password_input}</arg>
<doc>Types the given ``text`` into the text field identified by ``locator``.</doc>
<status status="PASS" start="2024-01-29T13:02:28.086722" elapsed="0.139072"/>
</kw>
<status status="PASS" start="2024-01-29T13:02:28.086722" elapsed="0.139072"/>
</kw>
<kw name="Input confirm password in confirm password field">
<kw name="Input Text" owner="SeleniumLibrary">
<msg time="2024-01-29T13:02:28.226752" level="INFO">Typing text 'Mika@1234' into text field 'id=confirmpassword-input'.</msg>
<arg>${confirm_password_field}</arg>
<arg>${confirmpassword_input}</arg>
<doc>Types the given ``text`` into the text field identified by ``locator``.</doc>
<status status="PASS" start="2024-01-29T13:02:28.226752" elapsed="0.138304"/>
</kw>
<status status="PASS" start="2024-01-29T13:02:28.225794" elapsed="0.139262"/>
</kw>
<status status="PASS" start="2024-01-29T13:02:27.666115" elapsed="0.698941"/>
</kw>
<kw name="Click on sign up button">
<kw name="Click Element" owner="SeleniumLibrary">
<msg time="2024-01-29T13:02:28.366075" level="INFO">Clicking element 'id=signup-button'.</msg>
<arg>${sign_up_button}</arg>
<doc>Click the element identified by ``locator``.</doc>
<status status="PASS" start="2024-01-29T13:02:28.366075" elapsed="0.046792"/>
</kw>
<status status="PASS" start="2024-01-29T13:02:28.366075" elapsed="0.046792"/>
</kw>
<kw name="Close Browser" owner="SeleniumLibrary" type="TEARDOWN">
<doc>Closes the current browser.</doc>
<status status="PASS" start="2024-01-29T13:02:28.412867" elapsed="2.173729"/>
</kw>
<status status="PASS" start="2024-01-29T13:02:16.506394" elapsed="14.080202"/>
</test>
<test id="s1-t4" name="TC-04 Verify sign up with an empty name" line="111">
<kw name="Open URL" type="SETUP">
<kw name="Open Browser" owner="SeleniumLibrary">
<msg time="2024-01-29T13:02:30.589556" level="INFO">Opening browser 'Chrome' to base url 'http://127.0.0.1:5500/Tests/index.html'.</msg>
<arg>${url}</arg>
<arg>Chrome</arg>
<doc>Opens a new browser instance to the optional ``url``.</doc>
<status status="PASS" start="2024-01-29T13:02:30.589556" elapsed="1.747518"/>
</kw>
<status status="PASS" start="2024-01-29T13:02:30.589556" elapsed="1.747518"/>
</kw>
<kw name="Input surname in the surname field">
<kw name="Input Text" owner="SeleniumLibrary">
<msg time="2024-01-29T13:02:32.339093" level="INFO">Typing text 'Inthorn' into text field 'id=surname-input'.</msg>
<arg>${surname_field}</arg>
<arg>${surname_input}</arg>
<doc>Types the given ``text`` into the text field identified by ``locator``.</doc>
<status status="PASS" start="2024-01-29T13:02:32.339093" elapsed="0.201588"/>
</kw>
<status status="PASS" start="2024-01-29T13:02:32.338094" elapsed="0.202587"/>
</kw>
<kw name="Select industry dropdown">
<kw name="Select From List By Label" owner="SeleniumLibrary">
<msg time="2024-01-29T13:02:32.542683" level="INFO">Selecting options from selection list 'id=industry-dropdown' by label Technology.</msg>
<arg>${industry_dropdown}</arg>
<arg>${select_industry}</arg>
<doc>Selects options from selection list ``locator`` by ``labels``.</doc>
<status status="PASS" start="2024-01-29T13:02:32.542683" elapsed="0.131440"/>
</kw>
<status status="PASS" start="2024-01-29T13:02:32.541681" elapsed="0.133763"/>
</kw>
<kw name="Input email in the email field">
<kw name="Input Text" owner="SeleniumLibrary">
<msg time="2024-01-29T13:02:32.676705" level="INFO">Typing text 'atithiya@email.com' into text field 'id=email-input'.</msg>
<arg>${email_field}</arg>
<arg>${email_input}</arg>
<doc>Types the given ``text`` into the text field identified by ``locator``.</doc>
<status status="PASS" start="2024-01-29T13:02:32.676705" elapsed="0.305915"/>
</kw>
<status status="PASS" start="2024-01-29T13:02:32.675444" elapsed="0.307176"/>
</kw>
<kw name="Input password in the password field">
<kw name="Input Text" owner="SeleniumLibrary">
<msg time="2024-01-29T13:02:32.984847" level="INFO">Typing text 'Mika@1234' into text field 'id=password-input'.</msg>
<arg>${password_field}</arg>
<arg>${password_input}</arg>
<doc>Types the given ``text`` into the text field identified by ``locator``.</doc>
<status status="PASS" start="2024-01-29T13:02:32.983637" elapsed="0.211061"/>
</kw>
<status status="PASS" start="2024-01-29T13:02:32.983637" elapsed="0.211061"/>
</kw>
<kw name="Input confirm password in confirm password field">
<kw name="Input Text" owner="SeleniumLibrary">
<msg time="2024-01-29T13:02:33.196701" level="INFO">Typing text 'Mika@1234' into text field 'id=confirmpassword-input'.</msg>
<arg>${confirm_password_field}</arg>
<arg>${confirmpassword_input}</arg>
<doc>Types the given ``text`` into the text field identified by ``locator``.</doc>
<status status="PASS" start="2024-01-29T13:02:33.195708" elapsed="0.213487"/>
</kw>
<status status="PASS" start="2024-01-29T13:02:33.195708" elapsed="0.213487"/>
</kw>
<kw name="Click on sign up button">
<kw name="Click Element" owner="SeleniumLibrary">
<msg time="2024-01-29T13:02:33.411281" level="INFO">Clicking element 'id=signup-button'.</msg>
<arg>${sign_up_button}</arg>
<doc>Click the element identified by ``locator``.</doc>
<status status="PASS" start="2024-01-29T13:02:33.410207" elapsed="0.093496"/>
</kw>
<status status="PASS" start="2024-01-29T13:02:33.410207" elapsed="0.093496"/>
</kw>
<kw name="Close Browser" owner="SeleniumLibrary" type="TEARDOWN">
<doc>Closes the current browser.</doc>
<status status="PASS" start="2024-01-29T13:02:33.503703" elapsed="2.208359"/>
</kw>
<status status="PASS" start="2024-01-29T13:02:30.589036" elapsed="5.123026"/>
</test>
<test id="s1-t5" name="TC-05 Verify sign up with only English characters and a length not exceeding 50 characters in surname field" line="120">
<kw name="Open URL" type="SETUP">
<kw name="Open Browser" owner="SeleniumLibrary">
<msg time="2024-01-29T13:02:35.715095" level="INFO">Opening browser 'Chrome' to base url 'http://127.0.0.1:5500/Tests/index.html'.</msg>
<arg>${url}</arg>
<arg>Chrome</arg>
<doc>Opens a new browser instance to the optional ``url``.</doc>
<status status="PASS" start="2024-01-29T13:02:35.715095" elapsed="1.771915"/>
</kw>
<status status="PASS" start="2024-01-29T13:02:35.714085" elapsed="1.773945"/>
</kw>
<kw name="Input name in the name field">
<kw name="Input Text" owner="SeleniumLibrary">
<msg time="2024-01-29T13:02:37.489060" level="INFO">Typing text 'Aithiya' into text field 'id=name-input'.</msg>
<arg>${name_field}</arg>
<arg>${name_input}</arg>
<doc>Types the given ``text`` into the text field identified by ``locator``.</doc>
<status status="PASS" start="2024-01-29T13:02:37.489060" elapsed="0.225611"/>
</kw>
<status status="PASS" start="2024-01-29T13:02:37.488030" elapsed="0.227658"/>
</kw>
<kw name="Input surname in the surname field">
<kw name="Input Text" owner="SeleniumLibrary">
<msg time="2024-01-29T13:02:37.717167" level="INFO">Typing text 'Inthorn' into text field 'id=surname-input'.</msg>
<arg>${surname_field}</arg>
<arg>${surname_input}</arg>
<doc>Types the given ``text`` into the text field identified by ``locator``.</doc>
<status status="PASS" start="2024-01-29T13:02:37.715688" elapsed="0.206422"/>
</kw>
<status status="PASS" start="2024-01-29T13:02:37.715688" elapsed="0.206422"/>
</kw>
<kw name="Select industry dropdown">
<kw name="Select From List By Label" owner="SeleniumLibrary">
<msg time="2024-01-29T13:02:37.923604" level="INFO">Selecting options from selection list 'id=industry-dropdown' by label Technology.</msg>
<arg>${industry_dropdown}</arg>
<arg>${select_industry}</arg>
<doc>Selects options from selection list ``locator`` by ``labels``.</doc>
<status status="PASS" start="2024-01-29T13:02:37.923604" elapsed="0.163250"/>
</kw>
<status status="PASS" start="2024-01-29T13:02:37.923604" elapsed="0.163250"/>
</kw>
<kw name="Input email in the email field">
<kw name="Input Text" owner="SeleniumLibrary">
<msg time="2024-01-29T13:02:38.088256" level="INFO">Typing text 'atithiya@email.com' into text field 'id=email-input'.</msg>
<arg>${email_field}</arg>
<arg>${email_input}</arg>
<doc>Types the given ``text`` into the text field identified by ``locator``.</doc>
<status status="PASS" start="2024-01-29T13:02:38.088256" elapsed="0.253194"/>
</kw>
<status status="PASS" start="2024-01-29T13:02:38.088256" elapsed="0.254221"/>
</kw>
<kw name="Input password in the password field">
<kw name="Input Text" owner="SeleniumLibrary">
<msg time="2024-01-29T13:02:38.343469" level="INFO">Typing text 'Mika@1234' into text field 'id=password-input'.</msg>
<arg>${password_field}</arg>
<arg>${password_input}</arg>
<doc>Types the given ``text`` into the text field identified by ``locator``.</doc>
<status status="PASS" start="2024-01-29T13:02:38.343469" elapsed="0.208240"/>
</kw>
<status status="PASS" start="2024-01-29T13:02:38.342477" elapsed="0.209232"/>
</kw>
<kw name="Input confirm password in confirm password field">
<kw name="Input Text" owner="SeleniumLibrary">
<msg time="2024-01-29T13:02:38.554287" level="INFO">Typing text 'Mika@1234' into text field 'id=confirmpassword-input'.</msg>
<arg>${confirm_password_field}</arg>
<arg>${confirmpassword_input}</arg>
<doc>Types the given ``text`` into the text field identified by ``locator``.</doc>
<status status="PASS" start="2024-01-29T13:02:38.553039" elapsed="0.194646"/>
</kw>
<status status="PASS" start="2024-01-29T13:02:38.553039" elapsed="0.194646"/>
</kw>
<kw name="Click on sign up button">
<kw name="Click Element" owner="SeleniumLibrary">
<msg time="2024-01-29T13:02:38.749853" level="INFO">Clicking element 'id=signup-button'.</msg>
<arg>${sign_up_button}</arg>
<doc>Click the element identified by ``locator``.</doc>
<status status="PASS" start="2024-01-29T13:02:38.749853" elapsed="0.096492"/>
</kw>
<status status="PASS" start="2024-01-29T13:02:38.748834" elapsed="0.097511"/>
</kw>
<kw name="Close Browser" owner="SeleniumLibrary" type="TEARDOWN">
<doc>Closes the current browser.</doc>
<status status="PASS" start="2024-01-29T13:02:38.847711" elapsed="2.192371"/>
</kw>
<status status="PASS" start="2024-01-29T13:02:35.713086" elapsed="5.328051"/>
</test>
<test id="s1-t6" name="TC-06 Verify sign up for cases involving non-English characters, such as Thai, special characters, numbers, and data exceeding a length of 50 characters in surname field" line="130">
<kw name="Open URL" type="SETUP">
<kw name="Open Browser" owner="SeleniumLibrary">
<msg time="2024-01-29T13:02:41.043479" level="INFO">Opening browser 'Chrome' to base url 'http://127.0.0.1:5500/Tests/index.html'.</msg>
<arg>${url}</arg>
<arg>Chrome</arg>
<doc>Opens a new browser instance to the optional ``url``.</doc>
<status status="PASS" start="2024-01-29T13:02:41.043479" elapsed="1.761411"/>
</kw>
<status status="PASS" start="2024-01-29T13:02:41.043479" elapsed="1.762409"/>
</kw>
<kw name="Input surname in the surname field">
<kw name="Input Text" owner="SeleniumLibrary">
<msg time="2024-01-29T13:02:42.806886" level="INFO">Typing text 'อินทร' into text field 'id=surname-input'.</msg>
<arg>${surname_field}</arg>
<arg>${surname_input}</arg>
<doc>Types the given ``text`` into the text field identified by ``locator``.</doc>
<status status="PASS" start="2024-01-29T13:02:42.806886" elapsed="0.271202"/>
</kw>
<arg>อินทร</arg>
<status status="PASS" start="2024-01-29T13:02:42.805888" elapsed="0.273605"/>
</kw>
<kw name="Enter data in other fields to verify the surname field">
<kw name="Input name in the name field">
<kw name="Input Text" owner="SeleniumLibrary">
<msg time="2024-01-29T13:02:43.080901" level="INFO">Typing text 'Aithiya' into text field 'id=name-input'.</msg>
<arg>${name_field}</arg>
<arg>${name_input}</arg>
<doc>Types the given ``text`` into the text field identified by ``locator``.</doc>
<status status="PASS" start="2024-01-29T13:02:43.080901" elapsed="0.151604"/>
</kw>
<status status="PASS" start="2024-01-29T13:02:43.079493" elapsed="0.153012"/>
</kw>
<kw name="Select industry dropdown">
<kw name="Select From List By Label" owner="SeleniumLibrary">
<msg time="2024-01-29T13:02:43.234518" level="INFO">Selecting options from selection list 'id=industry-dropdown' by label Technology.</msg>
<arg>${industry_dropdown}</arg>
<arg>${select_industry}</arg>
<doc>Selects options from selection list ``locator`` by ``labels``.</doc>
<status status="PASS" start="2024-01-29T13:02:43.233533" elapsed="0.159923"/>
</kw>
<status status="PASS" start="2024-01-29T13:02:43.233533" elapsed="0.159923"/>
</kw>
<kw name="Input email in the email field">
<kw name="Input Text" owner="SeleniumLibrary">
<msg time="2024-01-29T13:02:43.394478" level="INFO">Typing text 'atithiya@email.com' into text field 'id=email-input'.</msg>
<arg>${email_field}</arg>
<arg>${email_input}</arg>
<doc>Types the given ``text`` into the text field identified by ``locator``.</doc>
<status status="PASS" start="2024-01-29T13:02:43.394478" elapsed="0.269704"/>
</kw>
<status status="PASS" start="2024-01-29T13:02:43.393456" elapsed="0.270726"/>
</kw>
<kw name="Input password in the password field">
<kw name="Input Text" owner="SeleniumLibrary">
<msg time="2024-01-29T13:02:43.665440" level="INFO">Typing text 'Mika@1234' into text field 'id=password-input'.</msg>
<arg>${password_field}</arg>
<arg>${password_input}</arg>
<doc>Types the given ``text`` into the text field identified by ``locator``.</doc>
<status status="PASS" start="2024-01-29T13:02:43.665440" elapsed="0.205602"/>
</kw>
<status status="PASS" start="2024-01-29T13:02:43.664182" elapsed="0.206860"/>
</kw>
<kw name="Input confirm password in confirm password field">
<kw name="Input Text" owner="SeleniumLibrary">
<msg time="2024-01-29T13:02:43.872510" level="INFO">Typing text 'Mika@1234' into text field 'id=confirmpassword-input'.</msg>
<arg>${confirm_password_field}</arg>
<arg>${confirmpassword_input}</arg>
<doc>Types the given ``text`` into the text field identified by ``locator``.</doc>
<status status="PASS" start="2024-01-29T13:02:43.872510" elapsed="0.201556"/>
</kw>
<status status="PASS" start="2024-01-29T13:02:43.871042" elapsed="0.203024"/>
</kw>
<status status="PASS" start="2024-01-29T13:02:43.079493" elapsed="0.994573"/>
</kw>
<kw name="Click on sign up button">
<kw name="Click Element" owner="SeleniumLibrary">
<msg time="2024-01-29T13:02:44.075153" level="INFO">Clicking element 'id=signup-button'.</msg>
<arg>${sign_up_button}</arg>
<doc>Click the element identified by ``locator``.</doc>
<status status="PASS" start="2024-01-29T13:02:44.075153" elapsed="0.092733"/>
</kw>
<status status="PASS" start="2024-01-29T13:02:44.075153" elapsed="0.092733"/>
</kw>
<kw name="Input surname in the surname field">
<kw name="Input Text" owner="SeleniumLibrary">
<msg time="2024-01-29T13:02:44.169027" level="INFO">Typing text 'Inthorn!' into text field 'id=surname-input'.</msg>
<arg>${surname_field}</arg>
<arg>${surname_input}</arg>
<doc>Types the given ``text`` into the text field identified by ``locator``.</doc>
<status status="PASS" start="2024-01-29T13:02:44.169027" elapsed="0.222700"/>
</kw>
<arg>Inthorn!</arg>
<status status="PASS" start="2024-01-29T13:02:44.169027" elapsed="0.222700"/>
</kw>
<kw name="Enter data in other fields to verify the surname field">
<kw name="Input name in the name field">
<kw name="Input Text" owner="SeleniumLibrary">
<msg time="2024-01-29T13:02:44.393748" level="INFO">Typing text 'Aithiya' into text field 'id=name-input'.</msg>
<arg>${name_field}</arg>
<arg>${name_input}</arg>
<doc>Types the given ``text`` into the text field identified by ``locator``.</doc>
<status status="PASS" start="2024-01-29T13:02:44.393748" elapsed="0.218468"/>
</kw>
<status status="PASS" start="2024-01-29T13:02:44.393748" elapsed="0.218468"/>
</kw>
<kw name="Select industry dropdown">
<kw name="Select From List By Label" owner="SeleniumLibrary">
<msg time="2024-01-29T13:02:44.613227" level="INFO">Selecting options from selection list 'id=industry-dropdown' by label Technology.</msg>
<arg>${industry_dropdown}</arg>
<arg>${select_industry}</arg>
<doc>Selects options from selection list ``locator`` by ``labels``.</doc>
<status status="PASS" start="2024-01-29T13:02:44.613227" elapsed="0.063393"/>
</kw>
<status status="PASS" start="2024-01-29T13:02:44.612216" elapsed="0.064404"/>
</kw>
<kw name="Input email in the email field">
<kw name="Input Text" owner="SeleniumLibrary">
<msg time="2024-01-29T13:02:44.677648" level="INFO">Typing text 'atithiya@email.com' into text field 'id=email-input'.</msg>
<arg>${email_field}</arg>
<arg>${email_input}</arg>
<doc>Types the given ``text`` into the text field identified by ``locator``.</doc>
<status status="PASS" start="2024-01-29T13:02:44.677648" elapsed="0.235620"/>
</kw>
<status status="PASS" start="2024-01-29T13:02:44.676620" elapsed="0.236648"/>
</kw>
<kw name="Input password in the password field">
<kw name="Input Text" owner="SeleniumLibrary">
<msg time="2024-01-29T13:02:44.915478" level="INFO">Typing text 'Mika@1234' into text field 'id=password-input'.</msg>
<arg>${password_field}</arg>
<arg>${password_input}</arg>
<doc>Types the given ``text`` into the text field identified by ``locator``.</doc>
<status status="PASS" start="2024-01-29T13:02:44.914464" elapsed="0.220426"/>
</kw>
<status status="PASS" start="2024-01-29T13:02:44.914464" elapsed="0.221858"/>
</kw>
<kw name="Input confirm password in confirm password field">
<kw name="Input Text" owner="SeleniumLibrary">
<msg time="2024-01-29T13:02:45.137347" level="INFO">Typing text 'Mika@1234' into text field 'id=confirmpassword-input'.</msg>
<arg>${confirm_password_field}</arg>
<arg>${confirmpassword_input}</arg>
<doc>Types the given ``text`` into the text field identified by ``locator``.</doc>
<status status="PASS" start="2024-01-29T13:02:45.136322" elapsed="0.223323"/>
</kw>
<status status="PASS" start="2024-01-29T13:02:45.136322" elapsed="0.224508"/>
</kw>
<status status="PASS" start="2024-01-29T13:02:44.392736" elapsed="0.968094"/>
</kw>
<kw name="Click on sign up button">
<kw name="Click Element" owner="SeleniumLibrary">
<msg time="2024-01-29T13:02:45.362052" level="INFO">Clicking element 'id=signup-button'.</msg>
<arg>${sign_up_button}</arg>
<doc>Click the element identified by ``locator``.</doc>
<status status="PASS" start="2024-01-29T13:02:45.362052" elapsed="0.072338"/>
</kw>
<status status="PASS" start="2024-01-29T13:02:45.360830" elapsed="0.075050"/>
</kw>
<kw name="Input surname in the surname field">
<kw name="Input Text" owner="SeleniumLibrary">
<msg time="2024-01-29T13:02:45.436902" level="INFO">Typing text 'Inthorn@1' into text field 'id=surname-input'.</msg>
<arg>${surname_field}</arg>
<arg>${surname_input}</arg>
<doc>Types the given ``text`` into the text field identified by ``locator``.</doc>
<status status="PASS" start="2024-01-29T13:02:45.436902" elapsed="0.200535"/>
</kw>
<arg>Inthorn@1</arg>
<status status="PASS" start="2024-01-29T13:02:45.436391" elapsed="0.201046"/>
</kw>
<kw name="Enter data in other fields to verify the surname field">
<kw name="Input name in the name field">
<kw name="Input Text" owner="SeleniumLibrary">
<msg time="2024-01-29T13:02:45.640056" level="INFO">Typing text 'Aithiya' into text field 'id=name-input'.</msg>
<arg>${name_field}</arg>
<arg>${name_input}</arg>
<doc>Types the given ``text`` into the text field identified by ``locator``.</doc>
<status status="PASS" start="2024-01-29T13:02:45.640056" elapsed="0.234895"/>
</kw>
<status status="PASS" start="2024-01-29T13:02:45.638809" elapsed="0.236142"/>
</kw>
<kw name="Select industry dropdown">
<kw name="Select From List By Label" owner="SeleniumLibrary">
<msg time="2024-01-29T13:02:45.875971" level="INFO">Selecting options from selection list 'id=industry-dropdown' by label Technology.</msg>
<arg>${industry_dropdown}</arg>
<arg>${select_industry}</arg>
<doc>Selects options from selection list ``locator`` by ``labels``.</doc>
<status status="PASS" start="2024-01-29T13:02:45.875971" elapsed="0.077359"/>
</kw>
<status status="PASS" start="2024-01-29T13:02:45.874951" elapsed="0.079401"/>
</kw>
<kw name="Input email in the email field">
<kw name="Input Text" owner="SeleniumLibrary">
<msg time="2024-01-29T13:02:45.955344" level="INFO">Typing text 'atithiya@email.com' into text field 'id=email-input'.</msg>
<arg>${email_field}</arg>
<arg>${email_input}</arg>
<doc>Types the given ``text`` into the text field identified by ``locator``.</doc>
<status status="PASS" start="2024-01-29T13:02:45.954352" elapsed="0.281231"/>
</kw>
<status status="PASS" start="2024-01-29T13:02:45.954352" elapsed="0.281231"/>
</kw>
<kw name="Input password in the password field">
<kw name="Input Text" owner="SeleniumLibrary">
<msg time="2024-01-29T13:02:46.237044" level="INFO">Typing text 'Mika@1234' into text field 'id=password-input'.</msg>
<arg>${password_field}</arg>
<arg>${password_input}</arg>
<doc>Types the given ``text`` into the text field identified by ``locator``.</doc>
<status status="PASS" start="2024-01-29T13:02:46.237044" elapsed="0.211649"/>
</kw>
<status status="PASS" start="2024-01-29T13:02:46.235583" elapsed="0.213110"/>
</kw>
<kw name="Input confirm password in confirm password field">
<kw name="Input Text" owner="SeleniumLibrary">
<msg time="2024-01-29T13:02:46.450076" level="INFO">Typing text 'Mika@1234' into text field 'id=confirmpassword-input'.</msg>
<arg>${confirm_password_field}</arg>
<arg>${confirmpassword_input}</arg>
<doc>Types the given ``text`` into the text field identified by ``locator``.</doc>
<status status="PASS" start="2024-01-29T13:02:46.448693" elapsed="0.212212"/>
</kw>
<status status="PASS" start="2024-01-29T13:02:46.448693" elapsed="0.212212"/>
</kw>
<status status="PASS" start="2024-01-29T13:02:45.638809" elapsed="1.022096"/>
</kw>
<kw name="Click on sign up button">
<kw name="Click Element" owner="SeleniumLibrary">
<msg time="2024-01-29T13:02:46.662919" level="INFO">Clicking element 'id=signup-button'.</msg>
<arg>${sign_up_button}</arg>
<doc>Click the element identified by ``locator``.</doc>
<status status="PASS" start="2024-01-29T13:02:46.662919" elapsed="0.069395"/>
</kw>
<status status="PASS" start="2024-01-29T13:02:46.661924" elapsed="0.070390"/>
</kw>
<kw name="Input surname in the surname field">
<kw name="Input Text" owner="SeleniumLibrary">
<msg time="2024-01-29T13:02:46.734779" level="INFO">Typing text 'Inthorn123' into text field 'id=surname-input'.</msg>
<arg>${surname_field}</arg>
<arg>${surname_input}</arg>
<doc>Types the given ``text`` into the text field identified by ``locator``.</doc>
<status status="PASS" start="2024-01-29T13:02:46.734779" elapsed="0.234821"/>
</kw>
<arg>Inthorn123</arg>
<status status="PASS" start="2024-01-29T13:02:46.733762" elapsed="0.235838"/>
</kw>
<kw name="Enter data in other fields to verify the surname field">
<kw name="Input name in the name field">
<kw name="Input Text" owner="SeleniumLibrary">
<msg time="2024-01-29T13:02:46.971724" level="INFO">Typing text 'Aithiya' into text field 'id=name-input'.</msg>
<arg>${name_field}</arg>
<arg>${name_input}</arg>
<doc>Types the given ``text`` into the text field identified by ``locator``.</doc>
<status status="PASS" start="2024-01-29T13:02:46.970594" elapsed="0.205046"/>
</kw>
<status status="PASS" start="2024-01-29T13:02:46.970594" elapsed="0.205046"/>
</kw>
<kw name="Select industry dropdown">
<kw name="Select From List By Label" owner="SeleniumLibrary">
<msg time="2024-01-29T13:02:47.176659" level="INFO">Selecting options from selection list 'id=industry-dropdown' by label Technology.</msg>
<arg>${industry_dropdown}</arg>
<arg>${select_industry}</arg>
<doc>Selects options from selection list ``locator`` by ``labels``.</doc>
<status status="PASS" start="2024-01-29T13:02:47.176659" elapsed="0.067698"/>
</kw>
<status status="PASS" start="2024-01-29T13:02:47.175640" elapsed="0.068717"/>
</kw>
<kw name="Input email in the email field">
<kw name="Input Text" owner="SeleniumLibrary">
<msg time="2024-01-29T13:02:47.246839" level="INFO">Typing text 'atithiya@email.com' into text field 'id=email-input'.</msg>
<arg>${email_field}</arg>
<arg>${email_input}</arg>
<doc>Types the given ``text`` into the text field identified by ``locator``.</doc>
<status status="PASS" start="2024-01-29T13:02:47.245814" elapsed="0.279524"/>
</kw>
<status status="PASS" start="2024-01-29T13:02:47.245814" elapsed="0.279524"/>
</kw>
<kw name="Input password in the password field">
<kw name="Input Text" owner="SeleniumLibrary">
<msg time="2024-01-29T13:02:47.526525" level="INFO">Typing text 'Mika@1234' into text field 'id=password-input'.</msg>
<arg>${password_field}</arg>
<arg>${password_input}</arg>
<doc>Types the given ``text`` into the text field identified by ``locator``.</doc>
<status status="PASS" start="2024-01-29T13:02:47.526525" elapsed="0.198085"/>
</kw>
<status status="PASS" start="2024-01-29T13:02:47.526525" elapsed="0.198085"/>
</kw>
<kw name="Input confirm password in confirm password field">
<kw name="Input Text" owner="SeleniumLibrary">
<msg time="2024-01-29T13:02:47.725754" level="INFO">Typing text 'Mika@1234' into text field 'id=confirmpassword-input'.</msg>
<arg>${confirm_password_field}</arg>
<arg>${confirmpassword_input}</arg>
<doc>Types the given ``text`` into the text field identified by ``locator``.</doc>
<status status="PASS" start="2024-01-29T13:02:47.725754" elapsed="0.178547"/>
</kw>
<status status="PASS" start="2024-01-29T13:02:47.724610" elapsed="0.181202"/>
</kw>
<status status="PASS" start="2024-01-29T13:02:46.970594" elapsed="0.935218"/>
</kw>
<kw name="Click on sign up button">
<kw name="Click Element" owner="SeleniumLibrary">
<msg time="2024-01-29T13:02:47.906853" level="INFO">Clicking element 'id=signup-button'.</msg>
<arg>${sign_up_button}</arg>
<doc>Click the element identified by ``locator``.</doc>
<status status="PASS" start="2024-01-29T13:02:47.906853" elapsed="0.079733"/>
</kw>
<status status="PASS" start="2024-01-29T13:02:47.905812" elapsed="0.080774"/>
</kw>
<kw name="Input surname in the surname field">
<kw name="Input Text" owner="SeleniumLibrary">
<msg time="2024-01-29T13:02:47.987942" level="INFO">Typing text '1234' into text field 'id=surname-input'.</msg>
<arg>${surname_field}</arg>
<arg>${surname_input}</arg>
<doc>Types the given ``text`` into the text field identified by ``locator``.</doc>
<status status="PASS" start="2024-01-29T13:02:47.987942" elapsed="0.178924"/>
</kw>
<arg>1234</arg>
<status status="PASS" start="2024-01-29T13:02:47.987942" elapsed="0.178924"/>
</kw>
<kw name="Enter data in other fields to verify the surname field">
<kw name="Input name in the name field">
<kw name="Input Text" owner="SeleniumLibrary">
<msg time="2024-01-29T13:02:48.169303" level="INFO">Typing text 'Aithiya' into text field 'id=name-input'.</msg>
<arg>${name_field}</arg>
<arg>${name_input}</arg>
<doc>Types the given ``text`` into the text field identified by ``locator``.</doc>
<status status="PASS" start="2024-01-29T13:02:48.168281" elapsed="0.205290"/>
</kw>
<status status="PASS" start="2024-01-29T13:02:48.168281" elapsed="0.206348"/>
</kw>
<kw name="Select industry dropdown">
<kw name="Select From List By Label" owner="SeleniumLibrary">
<msg time="2024-01-29T13:02:48.376054" level="INFO">Selecting options from selection list 'id=industry-dropdown' by label Technology.</msg>
<arg>${industry_dropdown}</arg>
<arg>${select_industry}</arg>
<doc>Selects options from selection list ``locator`` by ``labels``.</doc>
<status status="PASS" start="2024-01-29T13:02:48.374629" elapsed="0.075883"/>
</kw>
<status status="PASS" start="2024-01-29T13:02:48.374629" elapsed="0.075883"/>
</kw>
<kw name="Input email in the email field">
<kw name="Input Text" owner="SeleniumLibrary">
<msg time="2024-01-29T13:02:48.451742" level="INFO">Typing text 'atithiya@email.com' into text field 'id=email-input'.</msg>
<arg>${email_field}</arg>
<arg>${email_input}</arg>
<doc>Types the given ``text`` into the text field identified by ``locator``.</doc>
<status status="PASS" start="2024-01-29T13:02:48.451742" elapsed="0.257979"/>
</kw>
<status status="PASS" start="2024-01-29T13:02:48.450512" elapsed="0.259209"/>
</kw>
<kw name="Input password in the password field">
<kw name="Input Text" owner="SeleniumLibrary">
<msg time="2024-01-29T13:02:48.710732" level="INFO">Typing text 'Mika@1234' into text field 'id=password-input'.</msg>
<arg>${password_field}</arg>
<arg>${password_input}</arg>
<doc>Types the given ``text`` into the text field identified by ``locator``.</doc>
<status status="PASS" start="2024-01-29T13:02:48.710732" elapsed="0.228652"/>
</kw>
<status status="PASS" start="2024-01-29T13:02:48.709721" elapsed="0.229663"/>
</kw>
<kw name="Input confirm password in confirm password field">
<kw name="Input Text" owner="SeleniumLibrary">
<msg time="2024-01-29T13:02:48.940859" level="INFO">Typing text 'Mika@1234' into text field 'id=confirmpassword-input'.</msg>
<arg>${confirm_password_field}</arg>
<arg>${confirmpassword_input}</arg>
<doc>Types the given ``text`` into the text field identified by ``locator``.</doc>
<status status="PASS" start="2024-01-29T13:02:48.940859" elapsed="0.229592"/>
</kw>
<status status="PASS" start="2024-01-29T13:02:48.939384" elapsed="0.232092"/>
</kw>
<status status="PASS" start="2024-01-29T13:02:48.168281" elapsed="1.003195"/>
</kw>
<kw name="Click on sign up button">
<kw name="Click Element" owner="SeleniumLibrary">
<msg time="2024-01-29T13:02:49.172650" level="INFO">Clicking element 'id=signup-button'.</msg>
<arg>${sign_up_button}</arg>
<doc>Click the element identified by ``locator``.</doc>
<status status="PASS" start="2024-01-29T13:02:49.172650" elapsed="0.059928"/>
</kw>
<status status="PASS" start="2024-01-29T13:02:49.171476" elapsed="0.061102"/>
</kw>
<kw name="Input surname in the surname field">
<kw name="Input Text" owner="SeleniumLibrary">
<msg time="2024-01-29T13:02:49.234939" level="INFO">Typing text '@#$%' into text field 'id=surname-input'.</msg>
<arg>${surname_field}</arg>
<arg>${surname_input}</arg>
<doc>Types the given ``text`` into the text field identified by ``locator``.</doc>
<status status="PASS" start="2024-01-29T13:02:49.233777" elapsed="0.213658"/>
</kw>
<arg>@#$%</arg>
<status status="PASS" start="2024-01-29T13:02:49.233777" elapsed="0.213658"/>
</kw>
<kw name="Enter data in other fields to verify the surname field">
<kw name="Input name in the name field">
<kw name="Input Text" owner="SeleniumLibrary">
<msg time="2024-01-29T13:02:49.449808" level="INFO">Typing text 'Aithiya' into text field 'id=name-input'.</msg>
<arg>${name_field}</arg>
<arg>${name_input}</arg>
<doc>Types the given ``text`` into the text field identified by ``locator``.</doc>
<status status="PASS" start="2024-01-29T13:02:49.449808" elapsed="0.221840"/>
</kw>
<status status="PASS" start="2024-01-29T13:02:49.448566" elapsed="0.223082"/>
</kw>
<kw name="Select industry dropdown">
<kw name="Select From List By Label" owner="SeleniumLibrary">
<msg time="2024-01-29T13:02:49.673139" level="INFO">Selecting options from selection list 'id=industry-dropdown' by label Technology.</msg>
<arg>${industry_dropdown}</arg>
<arg>${select_industry}</arg>
<doc>Selects options from selection list ``locator`` by ``labels``.</doc>
<status status="PASS" start="2024-01-29T13:02:49.671648" elapsed="0.079152"/>
</kw>
<status status="PASS" start="2024-01-29T13:02:49.671648" elapsed="0.079152"/>
</kw>
<kw name="Input email in the email field">
<kw name="Input Text" owner="SeleniumLibrary">
<msg time="2024-01-29T13:02:49.752015" level="INFO">Typing text 'atithiya@email.com' into text field 'id=email-input'.</msg>
<arg>${email_field}</arg>
<arg>${email_input}</arg>
<doc>Types the given ``text`` into the text field identified by ``locator``.</doc>
<status status="PASS" start="2024-01-29T13:02:49.752015" elapsed="0.295771"/>
</kw>
<status status="PASS" start="2024-01-29T13:02:49.750800" elapsed="0.296986"/>
</kw>
<kw name="Input password in the password field">
<kw name="Input Text" owner="SeleniumLibrary">
<msg time="2024-01-29T13:02:50.048992" level="INFO">Typing text 'Mika@1234' into text field 'id=password-input'.</msg>
<arg>${password_field}</arg>
<arg>${password_input}</arg>
<doc>Types the given ``text`` into the text field identified by ``locator``.</doc>
<status status="PASS" start="2024-01-29T13:02:50.048992" elapsed="0.183972"/>
</kw>
<status status="PASS" start="2024-01-29T13:02:50.047786" elapsed="0.186397"/>
</kw>
<kw name="Input confirm password in confirm password field">
<kw name="Input Text" owner="SeleniumLibrary">
<msg time="2024-01-29T13:02:50.234183" level="INFO">Typing text 'Mika@1234' into text field 'id=confirmpassword-input'.</msg>
<arg>${confirm_password_field}</arg>
<arg>${confirmpassword_input}</arg>
<doc>Types the given ``text`` into the text field identified by ``locator``.</doc>
<status status="PASS" start="2024-01-29T13:02:50.234183" elapsed="0.188582"/>
</kw>
<status status="PASS" start="2024-01-29T13:02:50.234183" elapsed="0.188582"/>
</kw>
<status status="PASS" start="2024-01-29T13:02:49.448566" elapsed="0.974199"/>
</kw>
<kw name="Click on sign up button">
<kw name="Click Element" owner="SeleniumLibrary">
<msg time="2024-01-29T13:02:50.424826" level="INFO">Clicking element 'id=signup-button'.</msg>
<arg>${sign_up_button}</arg>
<doc>Click the element identified by ``locator``.</doc>
<status status="PASS" start="2024-01-29T13:02:50.424826" elapsed="0.060994"/>
</kw>
<status status="PASS" start="2024-01-29T13:02:50.423834" elapsed="0.061986"/>
</kw>
<kw name="Input surname in the surname field">
<kw name="Input Text" owner="SeleniumLibrary">
<msg time="2024-01-29T13:02:50.488200" level="INFO">Typing text 'WetheringtonFitzgeraldHarringtonOSullivanVanderbilt' into text field 'id=surname-input'.</msg>
<arg>${surname_field}</arg>
<arg>${surname_input}</arg>
<doc>Types the given ``text`` into the text field identified by ``locator``.</doc>
<status status="PASS" start="2024-01-29T13:02:50.487181" elapsed="0.344982"/>
</kw>
<arg>WetheringtonFitzgeraldHarringtonOSullivanVanderbilt</arg>
<status status="PASS" start="2024-01-29T13:02:50.487181" elapsed="0.344982"/>
</kw>
<kw name="Enter data in other fields to verify the surname field">
<kw name="Input name in the name field">
<kw name="Input Text" owner="SeleniumLibrary">
<msg time="2024-01-29T13:02:50.834204" level="INFO">Typing text 'Aithiya' into text field 'id=name-input'.</msg>
<arg>${name_field}</arg>
<arg>${name_input}</arg>
<doc>Types the given ``text`` into the text field identified by ``locator``.</doc>
<status status="PASS" start="2024-01-29T13:02:50.834204" elapsed="0.194045"/>
</kw>
<status status="PASS" start="2024-01-29T13:02:50.833164" elapsed="0.195085"/>
</kw>
<kw name="Select industry dropdown">
<kw name="Select From List By Label" owner="SeleniumLibrary">
<msg time="2024-01-29T13:02:51.029714" level="INFO">Selecting options from selection list 'id=industry-dropdown' by label Technology.</msg>
<arg>${industry_dropdown}</arg>
<arg>${select_industry}</arg>
<doc>Selects options from selection list ``locator`` by ``labels``.</doc>
<status status="PASS" start="2024-01-29T13:02:51.029714" elapsed="0.062911"/>
</kw>
<status status="PASS" start="2024-01-29T13:02:51.029714" elapsed="0.062911"/>
</kw>
<kw name="Input email in the email field">
<kw name="Input Text" owner="SeleniumLibrary">
<msg time="2024-01-29T13:02:51.093639" level="INFO">Typing text 'atithiya@email.com' into text field 'id=email-input'.</msg>
<arg>${email_field}</arg>
<arg>${email_input}</arg>
<doc>Types the given ``text`` into the text field identified by ``locator``.</doc>
<status status="PASS" start="2024-01-29T13:02:51.092625" elapsed="0.204313"/>
</kw>
<status status="PASS" start="2024-01-29T13:02:51.092625" elapsed="0.204313"/>
</kw>
<kw name="Input password in the password field">
<kw name="Input Text" owner="SeleniumLibrary">
<msg time="2024-01-29T13:02:51.298957" level="INFO">Typing text 'Mika@1234' into text field 'id=password-input'.</msg>
<arg>${password_field}</arg>
<arg>${password_input}</arg>
<doc>Types the given ``text`` into the text field identified by ``locator``.</doc>
<status status="PASS" start="2024-01-29T13:02:51.298447" elapsed="0.150654"/>
</kw>
<status status="PASS" start="2024-01-29T13:02:51.298447" elapsed="0.150654"/>
</kw>
<kw name="Input confirm password in confirm password field">
<kw name="Input Text" owner="SeleniumLibrary">
<msg time="2024-01-29T13:02:51.449101" level="INFO">Typing text 'Mika@1234' into text field 'id=confirmpassword-input'.</msg>
<arg>${confirm_password_field}</arg>
<arg>${confirmpassword_input}</arg>
<doc>Types the given ``text`` into the text field identified by ``locator``.</doc>
<status status="PASS" start="2024-01-29T13:02:51.449101" elapsed="0.165998"/>
</kw>
<status status="PASS" start="2024-01-29T13:02:51.449101" elapsed="0.165998"/>
</kw>
<status status="PASS" start="2024-01-29T13:02:50.833164" elapsed="0.781935"/>
</kw>
<kw name="Click on sign up button">
<kw name="Click Element" owner="SeleniumLibrary">
<msg time="2024-01-29T13:02:51.616112" level="INFO">Clicking element 'id=signup-button'.</msg>
<arg>${sign_up_button}</arg>
<doc>Click the element identified by ``locator``.</doc>
<status status="PASS" start="2024-01-29T13:02:51.616112" elapsed="0.050030"/>
</kw>
<status status="PASS" start="2024-01-29T13:02:51.616112" elapsed="0.051030"/>
</kw>
<kw name="Close Browser" owner="SeleniumLibrary" type="TEARDOWN">
<doc>Closes the current browser.</doc>
<status status="PASS" start="2024-01-29T13:02:51.667142" elapsed="2.215851"/>
</kw>
<status status="PASS" start="2024-01-29T13:02:41.042355" elapsed="12.840638"/>
</test>
<test id="s1-t7" name="TC-07 Verify sign up with an empty surname" line="174">
<kw name="Open URL" type="SETUP">
<kw name="Open Browser" owner="SeleniumLibrary">
<msg time="2024-01-29T13:02:53.886989" level="INFO">Opening browser 'Chrome' to base url 'http://127.0.0.1:5500/Tests/index.html'.</msg>
<arg>${url}</arg>
<arg>Chrome</arg>
<doc>Opens a new browser instance to the optional ``url``.</doc>
<status status="PASS" start="2024-01-29T13:02:53.886989" elapsed="1.725892"/>
</kw>
<status status="PASS" start="2024-01-29T13:02:53.886989" elapsed="1.725892"/>
</kw>
<kw name="Enter data in other fields to verify the surname field">
<kw name="Input name in the name field">
<kw name="Input Text" owner="SeleniumLibrary">
<msg time="2024-01-29T13:02:55.614921" level="INFO">Typing text 'Aithiya' into text field 'id=name-input'.</msg>
<arg>${name_field}</arg>
<arg>${name_input}</arg>
<doc>Types the given ``text`` into the text field identified by ``locator``.</doc>
<status status="PASS" start="2024-01-29T13:02:55.614921" elapsed="0.226592"/>
</kw>
<status status="PASS" start="2024-01-29T13:02:55.613899" elapsed="0.227614"/>
</kw>
<kw name="Select industry dropdown">
<kw name="Select From List By Label" owner="SeleniumLibrary">
<msg time="2024-01-29T13:02:55.842511" level="INFO">Selecting options from selection list 'id=industry-dropdown' by label Technology.</msg>
<arg>${industry_dropdown}</arg>
<arg>${select_industry}</arg>
<doc>Selects options from selection list ``locator`` by ``labels``.</doc>
<status status="PASS" start="2024-01-29T13:02:55.842511" elapsed="0.132663"/>
</kw>
<status status="PASS" start="2024-01-29T13:02:55.841513" elapsed="0.133661"/>
</kw>
<kw name="Input email in the email field">
<kw name="Input Text" owner="SeleniumLibrary">
<msg time="2024-01-29T13:02:55.976202" level="INFO">Typing text 'atithiya@email.com' into text field 'id=email-input'.</msg>
<msg time="2024-01-29T13:02:56.334063" level="INFO" html="true">&lt;/td&gt;&lt;/tr&gt;&lt;tr&gt;&lt;td colspan="3"&gt;&lt;a href="selenium-screenshot-16.png"&gt;&lt;img src="selenium-screenshot-16.png" width="800px"&gt;&lt;/a&gt;</msg>
<msg time="2024-01-29T13:02:56.334063" level="FAIL">ElementNotInteractableException: Message: element not interactable
  (Session info: chrome=120.0.6099.227)
Stacktrace:
	GetHandleVerifier [0x00007FF74C3F2142+3514994]
	(No symbol) [0x00007FF74C010CE2]
	(No symbol) [0x00007FF74BEB74C3]
	(No symbol) [0x00007FF74BEFB6D7]
	(No symbol) [0x00007FF74BEFA03E]
	(No symbol) [0x00007FF74BF25FEA]
	(No symbol) [0x00007FF74BEF63B6]
	(No symbol) [0x00007FF74BF26490]
	(No symbol) [0x00007FF74BF428F6]
	(No symbol) [0x00007FF74BF25D93]
	(No symbol) [0x00007FF74BEF4BDC]
	(No symbol) [0x00007FF74BEF5C64]
	GetHandleVerifier [0x00007FF74C41E16B+3695259]
	GetHandleVerifier [0x00007FF74C476737+4057191]
	GetHandleVerifier [0x00007FF74C46E4E3+4023827]
	GetHandleVerifier [0x00007FF74C1404F9+689705]
	(No symbol) [0x00007FF74C01C048]
	(No symbol) [0x00007FF74C018044]
	(No symbol) [0x00007FF74C0181C9]
	(No symbol) [0x00007FF74C0088C4]
	BaseThreadInitThunk [0x00007FFCE4F9257D+29]
	RtlUserThreadStart [0x00007FFCE6E2AA58+40]
</msg>
<arg>${email_field}</arg>
<arg>${email_input}</arg>
<doc>Types the given ``text`` into the text field identified by ``locator``.</doc>
<status status="FAIL" start="2024-01-29T13:02:55.976202" elapsed="0.373936">ElementNotInteractableException: Message: element not interactable
  (Session info: chrome=120.0.6099.227)
Stacktrace:
	GetHandleVerifier [0x00007FF74C3F2142+3514994]
	(No symbol) [0x00007FF74C010CE2]
	(No symbol) [0x00007FF74BEB74C3]
	(No symbol) [0x00007FF74BEFB6D7]
	(No symbol) [0x00007FF74BEFA03E]
	(No symbol) [0x00007FF74BF25FEA]
	(No symbol) [0x00007FF74BEF63B6]
	(No symbol) [0x00007FF74BF26490]
	(No symbol) [0x00007FF74BF428F6]
	(No symbol) [0x00007FF74BF25D93]
	(No symbol) [0x00007FF74BEF4BDC]
	(No symbol) [0x00007FF74BEF5C64]
	GetHandleVerifier [0x00007FF74C41E16B+3695259]
	GetHandleVerifier [0x00007FF74C476737+4057191]
	GetHandleVerifier [0x00007FF74C46E4E3+4023827]
	GetHandleVerifier [0x00007FF74C1404F9+689705]
[...]
<status status="PASS" start="2024-01-29T13:04:25.950068" elapsed="0.198897"/>
</kw>
<status status="PASS" start="2024-01-29T13:04:25.950068" elapsed="0.198897"/>
</kw>
<status status="PASS" start="2024-01-29T13:04:25.139169" elapsed="1.009796"/>
</kw>
<kw name="Click on sign up button">
<kw name="Click Element" owner="SeleniumLibrary">
<msg time="2024-01-29T13:04:26.151438" level="INFO">Clicking element 'id=signup-button'.</msg>
<arg>${sign_up_button}</arg>
<doc>Click the element identified by ``locator``.</doc>
<status status="PASS" start="2024-01-29T13:04:26.151438" elapsed="0.093163"/>
</kw>
<status status="PASS" start="2024-01-29T13:04:26.150422" elapsed="0.095181"/>
</kw>
<kw name="Close Browser" owner="SeleniumLibrary" type="TEARDOWN">
<doc>Closes the current browser.</doc>
<status status="PASS" start="2024-01-29T13:04:26.245603" elapsed="2.172061"/>
</kw>
<status status="PASS" start="2024-01-29T13:04:23.353038" elapsed="5.066112"/>
</test>
<test id="s1-t21" name="TC-21 Verify entering the confirm password field correctly matches the password field" line="369">
<kw name="Open URL" type="SETUP">
<kw name="Open Browser" owner="SeleniumLibrary">
<msg time="2024-01-29T13:04:28.421179" level="INFO">Opening browser 'Chrome' to base url 'http://127.0.0.1:5500/Tests/index.html'.</msg>
<arg>${url}</arg>
<arg>Chrome</arg>
<doc>Opens a new browser instance to the optional ``url``.</doc>
<status status="PASS" start="2024-01-29T13:04:28.421179" elapsed="1.879291"/>
</kw>
<status status="PASS" start="2024-01-29T13:04:28.421179" elapsed="1.879291"/>
</kw>
<kw name="Input confirm password in confirm password field">
<kw name="Input Text" owner="SeleniumLibrary">
<msg time="2024-01-29T13:04:30.301457" level="INFO">Typing text 'Mika@1234' into text field 'id=confirmpassword-input'.</msg>
<arg>${confirm_password_field}</arg>
<arg>${confirmpassword_input}</arg>
<doc>Types the given ``text`` into the text field identified by ``locator``.</doc>
<status status="PASS" start="2024-01-29T13:04:30.301457" elapsed="0.198501"/>
</kw>
<status status="PASS" start="2024-01-29T13:04:30.301457" elapsed="0.198501"/>
</kw>
<kw name="Enter data in other fields to verify the confirm assword field">
<kw name="Input name in the name field">
<kw name="Input Text" owner="SeleniumLibrary">
<msg time="2024-01-29T13:04:30.502604" level="INFO">Typing text 'Aithiya' into text field 'id=name-input'.</msg>
<arg>${name_field}</arg>
<arg>${name_input}</arg>
<doc>Types the given ``text`` into the text field identified by ``locator``.</doc>
<status status="PASS" start="2024-01-29T13:04:30.502604" elapsed="0.150099"/>
</kw>
<status status="PASS" start="2024-01-29T13:04:30.502604" elapsed="0.150099"/>
</kw>
<kw name="Input surname in the surname field">
<kw name="Input Text" owner="SeleniumLibrary">
<msg time="2024-01-29T13:04:30.653722" level="INFO">Typing text 'Inthorn' into text field 'id=surname-input'.</msg>
<arg>${surname_field}</arg>
<arg>${surname_input}</arg>
<doc>Types the given ``text`` into the text field identified by ``locator``.</doc>
<status status="PASS" start="2024-01-29T13:04:30.653722" elapsed="0.192481"/>
</kw>
<status status="PASS" start="2024-01-29T13:04:30.652703" elapsed="0.193500"/>
</kw>
<kw name="Select industry dropdown">
<kw name="Select From List By Label" owner="SeleniumLibrary">
<msg time="2024-01-29T13:04:30.847196" level="INFO">Selecting options from selection list 'id=industry-dropdown' by label Technology.</msg>
<arg>${industry_dropdown}</arg>
<arg>${select_industry}</arg>
<doc>Selects options from selection list ``locator`` by ``labels``.</doc>
<status status="PASS" start="2024-01-29T13:04:30.847196" elapsed="0.144934"/>
</kw>
<status status="PASS" start="2024-01-29T13:04:30.846203" elapsed="0.145927"/>
</kw>
<kw name="Input email in the email field">
<kw name="Input Text" owner="SeleniumLibrary">
<msg time="2024-01-29T13:04:30.993600" level="INFO">Typing text 'atithiya@email.com' into text field 'id=email-input'.</msg>
<arg>${email_field}</arg>
<arg>${email_input}</arg>
<doc>Types the given ``text`` into the text field identified by ``locator``.</doc>
<status status="PASS" start="2024-01-29T13:04:30.992130" elapsed="0.265279"/>
</kw>
<status status="PASS" start="2024-01-29T13:04:30.992130" elapsed="0.265279"/>
</kw>
<kw name="Input password in the password field">
<kw name="Input Text" owner="SeleniumLibrary">
<msg time="2024-01-29T13:04:31.258515" level="INFO">Typing text 'Mika@1234' into text field 'id=password-input'.</msg>
<arg>${password_field}</arg>
<arg>${password_input}</arg>
<doc>Types the given ``text`` into the text field identified by ``locator``.</doc>
<status status="PASS" start="2024-01-29T13:04:31.258515" elapsed="0.194561"/>
</kw>
<status status="PASS" start="2024-01-29T13:04:31.257409" elapsed="0.195667"/>
</kw>
<status status="PASS" start="2024-01-29T13:04:30.501379" elapsed="0.951697"/>
</kw>
<kw name="Click on sign up button">
<kw name="Click Element" owner="SeleniumLibrary">
<msg time="2024-01-29T13:04:31.454290" level="INFO">Clicking element 'id=signup-button'.</msg>
<arg>${sign_up_button}</arg>
<doc>Click the element identified by ``locator``.</doc>
<status status="PASS" start="2024-01-29T13:04:31.454290" elapsed="0.093105"/>
</kw>
<status status="PASS" start="2024-01-29T13:04:31.453076" elapsed="0.094319"/>
</kw>
<kw name="Close Browser" owner="SeleniumLibrary" type="TEARDOWN">
<doc>Closes the current browser.</doc>
<status status="PASS" start="2024-01-29T13:04:31.547395" elapsed="2.170178"/>
</kw>
<status status="PASS" start="2024-01-29T13:04:28.420166" elapsed="5.297407"/>
</test>
<test id="s1-t22" name="TC-22 Verify entering the confirm password field does not correctly match the password field" line="376">
<kw name="Open URL" type="SETUP">
<kw name="Open Browser" owner="SeleniumLibrary">
<msg time="2024-01-29T13:04:33.721286" level="INFO">Opening browser 'Chrome' to base url 'http://127.0.0.1:5500/Tests/index.html'.</msg>
<arg>${url}</arg>
<arg>Chrome</arg>
<doc>Opens a new browser instance to the optional ``url``.</doc>
<status status="PASS" start="2024-01-29T13:04:33.720089" elapsed="1.833514"/>
</kw>
<status status="PASS" start="2024-01-29T13:04:33.720089" elapsed="1.833514"/>
</kw>
<kw name="Input confirm password in confirm password field">
<kw name="Input Text" owner="SeleniumLibrary">
<msg time="2024-01-29T13:04:35.555604" level="INFO">Typing text 'Jenken@12' into text field 'id=confirmpassword-input'.</msg>
<arg>${confirm_password_field}</arg>
<arg>${confirmpassword_input}</arg>
<doc>Types the given ``text`` into the text field identified by ``locator``.</doc>
<status status="PASS" start="2024-01-29T13:04:35.554597" elapsed="0.228279"/>
</kw>
<arg>Jenken@12</arg>
<status status="PASS" start="2024-01-29T13:04:35.554597" elapsed="0.229753"/>
</kw>
<kw name="Enter data in other fields to verify the confirm assword field">
<kw name="Input name in the name field">
<kw name="Input Text" owner="SeleniumLibrary">
<msg time="2024-01-29T13:04:35.786440" level="INFO">Typing text 'Aithiya' into text field 'id=name-input'.</msg>
<arg>${name_field}</arg>
<arg>${name_input}</arg>
<doc>Types the given ``text`` into the text field identified by ``locator``.</doc>
<status status="PASS" start="2024-01-29T13:04:35.786440" elapsed="0.246103"/>
</kw>
<status status="PASS" start="2024-01-29T13:04:35.785367" elapsed="0.247176"/>
</kw>
<kw name="Input surname in the surname field">
<kw name="Input Text" owner="SeleniumLibrary">
<msg time="2024-01-29T13:04:36.033555" level="INFO">Typing text 'Inthorn' into text field 'id=surname-input'.</msg>
<arg>${surname_field}</arg>
<arg>${surname_input}</arg>
<doc>Types the given ``text`` into the text field identified by ``locator``.</doc>
<status status="PASS" start="2024-01-29T13:04:36.033555" elapsed="0.192223"/>
</kw>
<status status="PASS" start="2024-01-29T13:04:36.032543" elapsed="0.193235"/>
</kw>
<kw name="Select industry dropdown">
<kw name="Select From List By Label" owner="SeleniumLibrary">
<msg time="2024-01-29T13:04:36.226888" level="INFO">Selecting options from selection list 'id=industry-dropdown' by label Technology.</msg>
<arg>${industry_dropdown}</arg>
<arg>${select_industry}</arg>
<doc>Selects options from selection list ``locator`` by ``labels``.</doc>
<status status="PASS" start="2024-01-29T13:04:36.226888" elapsed="0.157888"/>
</kw>
<status status="PASS" start="2024-01-29T13:04:36.225778" elapsed="0.158998"/>
</kw>
<kw name="Input email in the email field">
<kw name="Input Text" owner="SeleniumLibrary">
<msg time="2024-01-29T13:04:36.386013" level="INFO">Typing text 'atithiya@email.com' into text field 'id=email-input'.</msg>
<arg>${email_field}</arg>
<arg>${email_input}</arg>
<doc>Types the given ``text`` into the text field identified by ``locator``.</doc>
<status status="PASS" start="2024-01-29T13:04:36.386013" elapsed="0.303543"/>
</kw>
<status status="PASS" start="2024-01-29T13:04:36.384776" elapsed="0.305860"/>
</kw>
<kw name="Input password in the password field">
<kw name="Input Text" owner="SeleniumLibrary">
<msg time="2024-01-29T13:04:36.691595" level="INFO">Typing text 'Mika@1234' into text field 'id=password-input'.</msg>
<arg>${password_field}</arg>
<arg>${password_input}</arg>
<doc>Types the given ``text`` into the text field identified by ``locator``.</doc>
<status status="PASS" start="2024-01-29T13:04:36.690636" elapsed="0.202958"/>
</kw>
<status status="PASS" start="2024-01-29T13:04:36.690636" elapsed="0.202958"/>
</kw>
<status status="PASS" start="2024-01-29T13:04:35.784350" elapsed="1.109244"/>
</kw>
<kw name="Click on sign up button">
<kw name="Click Element" owner="SeleniumLibrary">
<msg time="2024-01-29T13:04:36.895591" level="INFO">Clicking element 'id=signup-button'.</msg>
<arg>${sign_up_button}</arg>
<doc>Click the element identified by ``locator``.</doc>
<status status="PASS" start="2024-01-29T13:04:36.895591" elapsed="0.094171"/>
</kw>
<status status="PASS" start="2024-01-29T13:04:36.894590" elapsed="0.096170"/>
</kw>
<kw name="Close Browser" owner="SeleniumLibrary" type="TEARDOWN">
<doc>Closes the current browser.</doc>
<status status="PASS" start="2024-01-29T13:04:36.990760" elapsed="2.173962"/>
</kw>
<status status="PASS" start="2024-01-29T13:04:33.719074" elapsed="5.447106"/>
</test>
<test id="s1-t23" name="TC-23 Verify sign-up by entering an empty confirm password field" line="383">
<kw name="Open URL" type="SETUP">
<kw name="Open Browser" owner="SeleniumLibrary">
<msg time="2024-01-29T13:04:39.168568" level="INFO">Opening browser 'Chrome' to base url 'http://127.0.0.1:5500/Tests/index.html'.</msg>
<arg>${url}</arg>
<arg>Chrome</arg>
<doc>Opens a new browser instance to the optional ``url``.</doc>
<status status="PASS" start="2024-01-29T13:04:39.168568" elapsed="1.854261"/>
</kw>
<status status="PASS" start="2024-01-29T13:04:39.167550" elapsed="1.855279"/>
</kw>
<kw name="Enter data in other fields to verify the confirm assword field">
<kw name="Input name in the name field">
<kw name="Input Text" owner="SeleniumLibrary">
<msg time="2024-01-29T13:04:41.027289" level="INFO">Typing text 'Aithiya' into text field 'id=name-input'.</msg>
<arg>${name_field}</arg>
<arg>${name_input}</arg>
<doc>Types the given ``text`` into the text field identified by ``locator``.</doc>
<status status="PASS" start="2024-01-29T13:04:41.027289" elapsed="0.245371"/>
</kw>
<status status="PASS" start="2024-01-29T13:04:41.026275" elapsed="0.246385"/>
</kw>
<kw name="Input surname in the surname field">
<kw name="Input Text" owner="SeleniumLibrary">
<msg time="2024-01-29T13:04:41.273663" level="INFO">Typing text 'Inthorn' into text field 'id=surname-input'.</msg>
<arg>${surname_field}</arg>
<arg>${surname_input}</arg>
<doc>Types the given ``text`` into the text field identified by ``locator``.</doc>
<status status="PASS" start="2024-01-29T13:04:41.272660" elapsed="0.204891"/>
</kw>
<status status="PASS" start="2024-01-29T13:04:41.272660" elapsed="0.204891"/>
</kw>
<kw name="Select industry dropdown">
<kw name="Select From List By Label" owner="SeleniumLibrary">
<msg time="2024-01-29T13:04:41.478567" level="INFO">Selecting options from selection list 'id=industry-dropdown' by label Technology.</msg>
<arg>${industry_dropdown}</arg>
<arg>${select_industry}</arg>
<doc>Selects options from selection list ``locator`` by ``labels``.</doc>
<status status="PASS" start="2024-01-29T13:04:41.478567" elapsed="0.157948"/>
</kw>
<status status="PASS" start="2024-01-29T13:04:41.478567" elapsed="0.159276"/>
</kw>
<kw name="Input email in the email field">
<kw name="Input Text" owner="SeleniumLibrary">
<msg time="2024-01-29T13:04:41.638866" level="INFO">Typing text 'atithiya@email.com' into text field 'id=email-input'.</msg>
<arg>${email_field}</arg>
<arg>${email_input}</arg>
<doc>Types the given ``text`` into the text field identified by ``locator``.</doc>
<status status="PASS" start="2024-01-29T13:04:41.637843" elapsed="0.318933"/>
</kw>
<status status="PASS" start="2024-01-29T13:04:41.637843" elapsed="0.318933"/>
</kw>
<kw name="Input password in the password field">
<kw name="Input Text" owner="SeleniumLibrary">
<msg time="2024-01-29T13:04:41.957892" level="INFO">Typing text 'Mika@1234' into text field 'id=password-input'.</msg>
<arg>${password_field}</arg>
<arg>${password_input}</arg>
<doc>Types the given ``text`` into the text field identified by ``locator``.</doc>
<status status="PASS" start="2024-01-29T13:04:41.957892" elapsed="0.251331"/>
</kw>
<status status="PASS" start="2024-01-29T13:04:41.956776" elapsed="0.253450"/>
</kw>
<status status="PASS" start="2024-01-29T13:04:41.024827" elapsed="1.185399"/>
</kw>
<kw name="Click on sign up button">
<kw name="Click Element" owner="SeleniumLibrary">
<msg time="2024-01-29T13:04:42.211224" level="INFO">Clicking element 'id=signup-button'.</msg>
<arg>${sign_up_button}</arg>
<doc>Click the element identified by ``locator``.</doc>
<status status="PASS" start="2024-01-29T13:04:42.211224" elapsed="0.099675"/>
</kw>
<status status="PASS" start="2024-01-29T13:04:42.211224" elapsed="0.099675"/>
</kw>
<kw name="Close Browser" owner="SeleniumLibrary" type="TEARDOWN">
<doc>Closes the current browser.</doc>
<status status="PASS" start="2024-01-29T13:04:42.311917" elapsed="2.178340"/>
</kw>
<status status="PASS" start="2024-01-29T13:04:39.167550" elapsed="5.323711"/>
</test>
<test id="s1-t24" name="TC-24 Verify the selection of the show password toggle" line="389">
<kw name="Open URL" type="SETUP">
<kw name="Open Browser" owner="SeleniumLibrary">
<msg time="2024-01-29T13:04:44.494926" level="INFO">Opening browser 'Chrome' to base url 'http://127.0.0.1:5500/Tests/index.html'.</msg>
<arg>${url}</arg>
<arg>Chrome</arg>
<doc>Opens a new browser instance to the optional ``url``.</doc>
<status status="PASS" start="2024-01-29T13:04:44.493754" elapsed="2.314157"/>
</kw>
<status status="PASS" start="2024-01-29T13:04:44.493754" elapsed="2.314157"/>
</kw>
<kw name="Enter data in other fields to verify the show password checkbox">
<kw name="Input name in the name field">
<kw name="Input Text" owner="SeleniumLibrary">
<msg time="2024-01-29T13:04:46.814909" level="INFO">Typing text 'Aithiya' into text field 'id=name-input'.</msg>
<arg>${name_field}</arg>
<arg>${name_input}</arg>
<doc>Types the given ``text`` into the text field identified by ``locator``.</doc>
<status status="PASS" start="2024-01-29T13:04:46.813909" elapsed="0.255412"/>
</kw>
<status status="PASS" start="2024-01-29T13:04:46.812906" elapsed="0.256415"/>
</kw>
<kw name="Input surname in the surname field">
<kw name="Input Text" owner="SeleniumLibrary">
<msg time="2024-01-29T13:04:47.071722" level="INFO">Typing text 'Inthorn' into text field 'id=surname-input'.</msg>
<arg>${surname_field}</arg>
<arg>${surname_input}</arg>
<doc>Types the given ``text`` into the text field identified by ``locator``.</doc>
<status status="PASS" start="2024-01-29T13:04:47.070710" elapsed="0.167727"/>
</kw>
<status status="PASS" start="2024-01-29T13:04:47.069321" elapsed="0.169116"/>
</kw>
<kw name="Select industry dropdown">
<kw name="Select From List By Label" owner="SeleniumLibrary">
<msg time="2024-01-29T13:04:47.240817" level="INFO">Selecting options from selection list 'id=industry-dropdown' by label Technology.</msg>
<arg>${industry_dropdown}</arg>
<arg>${select_industry}</arg>
<doc>Selects options from selection list ``locator`` by ``labels``.</doc>
<status status="PASS" start="2024-01-29T13:04:47.239780" elapsed="0.165302"/>
</kw>
<status status="PASS" start="2024-01-29T13:04:47.239780" elapsed="0.166771"/>
</kw>
<kw name="Input email in the email field">
<kw name="Input Text" owner="SeleniumLibrary">
<msg time="2024-01-29T13:04:47.407590" level="INFO">Typing text 'atithiya@email.com' into text field 'id=email-input'.</msg>
<arg>${email_field}</arg>
<arg>${email_input}</arg>
<doc>Types the given ``text`` into the text field identified by ``locator``.</doc>
<status status="PASS" start="2024-01-29T13:04:47.407590" elapsed="0.212631"/>
</kw>
<status status="PASS" start="2024-01-29T13:04:47.406551" elapsed="0.213670"/>
</kw>
<kw name="Input password in the password field">
<kw name="Input Text" owner="SeleniumLibrary">
<msg time="2024-01-29T13:04:47.621239" level="INFO">Typing text 'Mika@1234' into text field 'id=password-input'.</msg>
<arg>${password_field}</arg>
<arg>${password_input}</arg>
<doc>Types the given ``text`` into the text field identified by ``locator``.</doc>
<status status="PASS" start="2024-01-29T13:04:47.621239" elapsed="0.172246"/>
</kw>
<status status="PASS" start="2024-01-29T13:04:47.621239" elapsed="0.172246"/>
</kw>
<status status="PASS" start="2024-01-29T13:04:46.811907" elapsed="0.981578"/>
</kw>
<kw name="Select on show password checkbox">
<kw name="Click Element" owner="SeleniumLibrary">
<msg time="2024-01-29T13:04:47.795486" level="INFO">Clicking element 'id=showpassword-checkbox'.</msg>
<arg>${show_password_checkbox}</arg>
<doc>Click the element identified by ``locator``.</doc>
<status status="PASS" start="2024-01-29T13:04:47.795486" elapsed="0.115583"/>
</kw>
<status status="PASS" start="2024-01-29T13:04:47.794484" elapsed="0.116585"/>
</kw>
<kw name="Element Attribute Value Should Be" owner="SeleniumLibrary">
<msg time="2024-01-29T13:04:47.952099" level="INFO">Element 'id=password-input' attribute 'type' contains value 'text'.</msg>
<arg>${password_field}</arg>
<arg>type</arg>
<arg>text</arg>
<doc>Verifies element identified by ``locator`` contains expected attribute value.</doc>
<status status="PASS" start="2024-01-29T13:04:47.912083" elapsed="0.040016"/>
</kw>
<kw name="Element Attribute Value Should Be" owner="SeleniumLibrary">
<msg time="2024-01-29T13:04:48.004649" level="INFO">Element 'id=confirmpassword-input' attribute 'type' contains value 'text'.</msg>
<arg>${confirm_password_field}</arg>
<arg>type</arg>
<arg>text</arg>
<doc>Verifies element identified by ``locator`` contains expected attribute value.</doc>
<status status="PASS" start="2024-01-29T13:04:47.953587" elapsed="0.051062"/>
</kw>
<kw name="Sleep" owner="BuiltIn">
<msg time="2024-01-29T13:04:58.005910" level="INFO">Slept 10 seconds.</msg>
<arg>10s</arg>
<doc>Pauses the test executed for the given time.</doc>
<status status="PASS" start="2024-01-29T13:04:48.005655" elapsed="10.000255"/>
</kw>
<kw name="Close Browser" owner="SeleniumLibrary" type="TEARDOWN">
<doc>Closes the current browser.</doc>
<status status="PASS" start="2024-01-29T13:04:58.006926" elapsed="2.196419"/>
</kw>
<status status="PASS" start="2024-01-29T13:04:44.492257" elapsed="15.711088"/>
</test>
<doc>Test Suite for Sign Up Functionality</doc>
<status status="FAIL" start="2024-01-29T13:02:05.184146" elapsed="175.021802"/>
</suite>
<statistics>
<total>
<stat pass="23" fail="1" skip="0">All Tests</stat>
</total>
<tag>
</tag>
<suite>
<stat pass="23" fail="1" skip="0" id="s1" name="signupTestcase">signupTestcase</stat>
</suite>
</statistics>
<errors>
</errors>
</robot>
